#
# A fatal error has been detected by the Java Runtime Environment:
#
#  Internal Error (javaClasses.cpp:136), pid=8022, tid=140688744158976
#  fatal error: Invalid layout of preloaded class
#
# JRE version:  (7.0_51) (build )
# Java VM: OpenJDK 64-Bit Server VM (24.45-b08 mixed mode linux-amd64 compressed oops)
# Failed to write core dump. Core dumps have been disabled. To enable core dumping, try "ulimit -c unlimited" before starting Java again
#
# If you would like to submit a bug report, please include
# instructions on how to reproduce the bug and visit:
#   http://icedtea.classpath.org/bugzilla
#

---------------  T H R E A D  ---------------

Current thread (0x00007ff4a000a000):  JavaThread "Unknown thread" [_thread_in_vm, id=8029, stack(0x00007ff4a68e9000,0x00007ff4a69ea000)]

Stack: [0x00007ff4a68e9000,0x00007ff4a69ea000],  sp=0x00007ff4a69e88a0,  free space=1022k
Native frames: (J=compiled Java code, j=interpreted, Vv=VM code, C=native code)
V  [libjvm.so+0x9163b5]  VMError::report_and_die()+0x175
V  [libjvm.so+0x4666d4]  report_fatal(char const*, int, char const*)+0x54
V  [libjvm.so+0x5bf5ba]  compute_offset(int&, klassOopDesc*, Symbol*, Symbol*, bool) [clone .constprop.121]+0x10a
V  [libjvm.so+0x5bfbc6]  java_lang_String::compute_offsets()+0x36
V  [libjvm.so+0x89d01c]  SystemDictionary::initialize_preloaded_classes(Thread*)+0xcc
V  [libjvm.so+0x8e7fa8]  Universe::genesis(Thread*)+0x468
V  [libjvm.so+0x8e85b4]  universe2_init()+0x24
V  [libjvm.so+0x57429a]  init_globals()+0x9a
V  [libjvm.so+0x8cb87f]  Threads::create_vm(JavaVMInitArgs*, bool*)+0x35f
V  [libjvm.so+0x5ddb14]  JNI_CreateJavaVM+0x54
C  [libjli.so+0x2b18]  __strcat_chk+0x2b18


---------------  P R O C E S S  ---------------

Java Threads: ( => current thread )

Other Threads:

=>0x00007ff4a000a000 (exited) JavaThread "Unknown thread" [_thread_in_vm, id=8029, stack(0x00007ff4a68e9000,0x00007ff4a69ea000)]

VM state:not at safepoint (not fully initialized)

VM Mutex/Monitor currently owned by a thread: None

GC Heap History (0 events):
No events

Deoptimization events (0 events):
No events

Internal exceptions (0 events):
No events

Events (10 events):
Event: 0.047 loading class 0x00007ff49b1526f0 done
Event: 0.047 loading class 0x00007ff49b152110 done
Event: 0.047 loading class 0x00007ff49b1520f0
Event: 0.047 loading class 0x00007ff49b15a130
Event: 0.047 loading class 0x00007ff49b15a130 done
Event: 0.047 loading class 0x00007ff49b15a160
Event: 0.047 loading class 0x00007ff49b15a160 done
Event: 0.047 loading class 0x00007ff49b15a190
Event: 0.047 loading class 0x00007ff49b15a190 done
Event: 0.048 loading class 0x00007ff49b1520f0 done


Dynamic libraries:
00400000-00401000 r-xp 00000000 08:14 4338125                            /usr/lib/jvm/java-7-openjdk-amd64/jre/bin/java
00600000-00601000 r--p 00000000 08:14 4338125                            /usr/lib/jvm/java-7-openjdk-amd64/jre/bin/java
00601000-00602000 rw-p 00001000 08:14 4338125                            /usr/lib/jvm/java-7-openjdk-amd64/jre/bin/java
02499000-024ba000 rw-p 00000000 00:00 0                                  [heap]
77b400000-77c900000 rw-p 00000000 00:00 0 
77c900000-785a00000 rw-p 00000000 00:00 0 
785a00000-78ab80000 rw-p 00000000 00:00 0 
78ab80000-7d7300000 rw-p 00000000 00:00 0 
7d7300000-7d9c00000 rw-p 00000000 00:00 0 
7d9c00000-800000000 rw-p 00000000 00:00 0 
7ff46fda0000-7ff474000000 rw-p 00000000 00:00 0 
7ff474000000-7ff474021000 rw-p 00000000 00:00 0 
7ff474021000-7ff478000000 ---p 00000000 00:00 0 
7ff47c000000-7ff47c021000 rw-p 00000000 00:00 0 
7ff47c021000-7ff480000000 ---p 00000000 00:00 0 
7ff480000000-7ff480021000 rw-p 00000000 00:00 0 
7ff480021000-7ff484000000 ---p 00000000 00:00 0 
7ff484000000-7ff484021000 rw-p 00000000 00:00 0 
7ff484021000-7ff488000000 ---p 00000000 00:00 0 
7ff488000000-7ff488021000 rw-p 00000000 00:00 0 
7ff488021000-7ff48c000000 ---p 00000000 00:00 0 
7ff48c000000-7ff48c021000 rw-p 00000000 00:00 0 
7ff48c021000-7ff490000000 ---p 00000000 00:00 0 
7ff490000000-7ff490021000 rw-p 00000000 00:00 0 
7ff490021000-7ff494000000 ---p 00000000 00:00 0 
7ff494000000-7ff494021000 rw-p 00000000 00:00 0 
7ff494021000-7ff498000000 ---p 00000000 00:00 0 
7ff49adcf000-7ff49b005000 rw-p 00000000 00:00 0 
7ff49b005000-7ff49b0dc000 r--s 013fe000 08:14 1448622                    /home/suni/eclipseAndroid/adt-bundle-linux-x86_64-20131030/sdk/platforms/android-19/android.jar
7ff49b0dc000-7ff49b5d3000 rw-p 00000000 00:00 0 
7ff49b5d3000-7ff49b5d4000 ---p 00000000 00:00 0 
7ff49b5d4000-7ff49b6d4000 rw-p 00000000 00:00 0                          [stack:8037]
7ff49b6d4000-7ff49b6d5000 ---p 00000000 00:00 0 
7ff49b6d5000-7ff49b7d5000 rw-p 00000000 00:00 0                          [stack:8036]
7ff49b7d5000-7ff49b7d6000 ---p 00000000 00:00 0 
7ff49b7d6000-7ff49b8d6000 rw-p 00000000 00:00 0                          [stack:8035]
7ff49b8d6000-7ff49b8d7000 ---p 00000000 00:00 0 
7ff49b8d7000-7ff49b9d7000 rw-p 00000000 00:00 0                          [stack:8034]
7ff49b9d7000-7ff49b9d8000 ---p 00000000 00:00 0 
7ff49b9d8000-7ff49bad8000 rw-p 00000000 00:00 0                          [stack:8033]
7ff49bad8000-7ff49bad9000 ---p 00000000 00:00 0 
7ff49bad9000-7ff49bbd9000 rw-p 00000000 00:00 0                          [stack:8032]
7ff49bbd9000-7ff49bbda000 ---p 00000000 00:00 0 
7ff49bbda000-7ff49bd03000 rw-p 00000000 00:00 0                          [stack:8031]
7ff49bd03000-7ff49bf67000 rw-p 00000000 00:00 0 
7ff49bf67000-7ff49bf72000 rw-p 00000000 00:00 0 
7ff49bf72000-7ff49bfba000 rw-p 00000000 00:00 0 
7ff49bfba000-7ff49bfe3000 rw-p 00000000 00:00 0 
7ff49bfe3000-7ff49c246000 rw-p 00000000 00:00 0 
7ff49c246000-7ff49c25b000 rw-p 00000000 00:00 0 
7ff49c25b000-7ff49c38d000 rw-p 00000000 00:00 0 
7ff49c38d000-7ff49c38e000 rw-p 00000000 00:00 0 
7ff49c38e000-7ff49c5fe000 rwxp 00000000 00:00 0 
7ff49c5fe000-7ff49f38e000 rw-p 00000000 00:00 0 
7ff49f38e000-7ff49f396000 r-xp 00000000 08:14 4332496                    /usr/lib/jvm/java-7-openjdk-amd64/jre/lib/amd64/libzip.so
7ff49f396000-7ff49f595000 ---p 00008000 08:14 4332496                    /usr/lib/jvm/java-7-openjdk-amd64/jre/lib/amd64/libzip.so
7ff49f595000-7ff49f596000 r--p 00007000 08:14 4332496                    /usr/lib/jvm/java-7-openjdk-amd64/jre/lib/amd64/libzip.so
7ff49f596000-7ff49f597000 rw-p 00008000 08:14 4332496                    /usr/lib/jvm/java-7-openjdk-amd64/jre/lib/amd64/libzip.so
7ff49f597000-7ff49f5a3000 r-xp 00000000 08:14 5649456                    /lib/x86_64-linux-gnu/libnss_files-2.17.so
7ff49f5a3000-7ff49f7a2000 ---p 0000c000 08:14 5649456                    /lib/x86_64-linux-gnu/libnss_files-2.17.so
7ff49f7a2000-7ff49f7a3000 r--p 0000b000 08:14 5649456                    /lib/x86_64-linux-gnu/libnss_files-2.17.so
7ff49f7a3000-7ff49f7a4000 rw-p 0000c000 08:14 5649456                    /lib/x86_64-linux-gnu/libnss_files-2.17.so
7ff49f7a4000-7ff49f7af000 r-xp 00000000 08:14 5649454                    /lib/x86_64-linux-gnu/libnss_nis-2.17.so
7ff49f7af000-7ff49f9ae000 ---p 0000b000 08:14 5649454                    /lib/x86_64-linux-gnu/libnss_nis-2.17.so
7ff49f9ae000-7ff49f9af000 r--p 0000a000 08:14 5649454                    /lib/x86_64-linux-gnu/libnss_nis-2.17.so
7ff49f9af000-7ff49f9b0000 rw-p 0000b000 08:14 5649454                    /lib/x86_64-linux-gnu/libnss_nis-2.17.so
7ff49f9b0000-7ff49f9c7000 r-xp 00000000 08:14 5649442                    /lib/x86_64-linux-gnu/libnsl-2.17.so
7ff49f9c7000-7ff49fbc6000 ---p 00017000 08:14 5649442                    /lib/x86_64-linux-gnu/libnsl-2.17.so
7ff49fbc6000-7ff49fbc7000 r--p 00016000 08:14 5649442                    /lib/x86_64-linux-gnu/libnsl-2.17.so
7ff49fbc7000-7ff49fbc8000 rw-p 00017000 08:14 5649442                    /lib/x86_64-linux-gnu/libnsl-2.17.so
7ff49fbc8000-7ff49fbca000 rw-p 00000000 00:00 0 
7ff49fbca000-7ff49fbd2000 r-xp 00000000 08:14 5649445                    /lib/x86_64-linux-gnu/libnss_compat-2.17.so
7ff49fbd2000-7ff49fdd1000 ---p 00008000 08:14 5649445                    /lib/x86_64-linux-gnu/libnss_compat-2.17.so
7ff49fdd1000-7ff49fdd2000 r--p 00007000 08:14 5649445                    /lib/x86_64-linux-gnu/libnss_compat-2.17.so
7ff49fdd2000-7ff49fdd3000 rw-p 00008000 08:14 5649445                    /lib/x86_64-linux-gnu/libnss_compat-2.17.so
7ff49fdd3000-7ff49fdfe000 r-xp 00000000 08:14 4327912                    /usr/lib/jvm/java-7-openjdk-amd64/jre/lib/amd64/libjava.so
7ff49fdfe000-7ff49fffd000 ---p 0002b000 08:14 4327912                    /usr/lib/jvm/java-7-openjdk-amd64/jre/lib/amd64/libjava.so
7ff49fffd000-7ff49fffe000 r--p 0002a000 08:14 4327912                    /usr/lib/jvm/java-7-openjdk-amd64/jre/lib/amd64/libjava.so
7ff49fffe000-7ff4a0000000 rw-p 0002b000 08:14 4327912                    /usr/lib/jvm/java-7-openjdk-amd64/jre/lib/amd64/libjava.so
7ff4a0000000-7ff4a005d000 rw-p 00000000 00:00 0 
7ff4a005d000-7ff4a4000000 ---p 00000000 00:00 0 
7ff4a4015000-7ff4a408e000 rw-p 00000000 00:00 0 
7ff4a408e000-7ff4a408f000 ---p 00000000 00:00 0 
7ff4a408f000-7ff4a419a000 rw-p 00000000 00:00 0                          [stack:8030]
7ff4a419a000-7ff4a41e2000 rw-p 00000000 00:00 0 
7ff4a41e2000-7ff4a41f2000 r-xp 00000000 08:14 4338064                    /usr/lib/jvm/java-7-openjdk-amd64/jre/lib/amd64/libverify.so
7ff4a41f2000-7ff4a43f1000 ---p 00010000 08:14 4338064                    /usr/lib/jvm/java-7-openjdk-amd64/jre/lib/amd64/libverify.so
7ff4a43f1000-7ff4a43f3000 r--p 0000f000 08:14 4338064                    /usr/lib/jvm/java-7-openjdk-amd64/jre/lib/amd64/libverify.so
7ff4a43f3000-7ff4a43f4000 rw-p 00011000 08:14 4338064                    /usr/lib/jvm/java-7-openjdk-amd64/jre/lib/amd64/libverify.so
7ff4a43f4000-7ff4a43fb000 r-xp 00000000 08:14 5649457                    /lib/x86_64-linux-gnu/librt-2.17.so
7ff4a43fb000-7ff4a45fa000 ---p 00007000 08:14 5649457                    /lib/x86_64-linux-gnu/librt-2.17.so
7ff4a45fa000-7ff4a45fb000 r--p 00006000 08:14 5649457                    /lib/x86_64-linux-gnu/librt-2.17.so
7ff4a45fb000-7ff4a45fc000 rw-p 00007000 08:14 5649457                    /lib/x86_64-linux-gnu/librt-2.17.so
7ff4a45fc000-7ff4a4611000 r-xp 00000000 08:14 5639764                    /lib/x86_64-linux-gnu/libgcc_s.so.1
7ff4a4611000-7ff4a4810000 ---p 00015000 08:14 5639764                    /lib/x86_64-linux-gnu/libgcc_s.so.1
7ff4a4810000-7ff4a4811000 r--p 00014000 08:14 5639764                    /lib/x86_64-linux-gnu/libgcc_s.so.1
7ff4a4811000-7ff4a4812000 rw-p 00015000 08:14 5639764                    /lib/x86_64-linux-gnu/libgcc_s.so.1
7ff4a4812000-7ff4a4915000 r-xp 00000000 08:14 5649448                    /lib/x86_64-linux-gnu/libm-2.17.so
7ff4a4915000-7ff4a4b14000 ---p 00103000 08:14 5649448                    /lib/x86_64-linux-gnu/libm-2.17.so
7ff4a4b14000-7ff4a4b15000 r--p 00102000 08:14 5649448                    /lib/x86_64-linux-gnu/libm-2.17.so
7ff4a4b15000-7ff4a4b16000 rw-p 00103000 08:14 5649448                    /lib/x86_64-linux-gnu/libm-2.17.so
7ff4a4b16000-7ff4a4bfc000 r-xp 00000000 08:14 4333505                    /usr/lib/x86_64-linux-gnu/libstdc++.so.6.0.18
7ff4a4bfc000-7ff4a4dfb000 ---p 000e6000 08:14 4333505                    /usr/lib/x86_64-linux-gnu/libstdc++.so.6.0.18
7ff4a4dfb000-7ff4a4e03000 r--p 000e5000 08:14 4333505                    /usr/lib/x86_64-linux-gnu/libstdc++.so.6.0.18
7ff4a4e03000-7ff4a4e05000 rw-p 000ed000 08:14 4333505                    /usr/lib/x86_64-linux-gnu/libstdc++.so.6.0.18
7ff4a4e05000-7ff4a4e1a000 rw-p 00000000 00:00 0 
7ff4a4e1a000-7ff4a58f9000 r-xp 00000000 08:14 4338076                    /usr/lib/jvm/java-7-openjdk-amd64/jre/lib/amd64/server/libjvm.so
7ff4a58f9000-7ff4a5af8000 ---p 00adf000 08:14 4338076                    /usr/lib/jvm/java-7-openjdk-amd64/jre/lib/amd64/server/libjvm.so
7ff4a5af8000-7ff4a5b8a000 r--p 00ade000 08:14 4338076                    /usr/lib/jvm/java-7-openjdk-amd64/jre/lib/amd64/server/libjvm.so
7ff4a5b8a000-7ff4a5bad000 rw-p 00b70000 08:14 4338076                    /usr/lib/jvm/java-7-openjdk-amd64/jre/lib/amd64/server/libjvm.so
7ff4a5bad000-7ff4a5bda000 rw-p 00000000 00:00 0 
7ff4a5bda000-7ff4a5bf2000 r-xp 00000000 08:14 5636631                    /lib/x86_64-linux-gnu/libz.so.1.2.8
7ff4a5bf2000-7ff4a5df1000 ---p 00018000 08:14 5636631                    /lib/x86_64-linux-gnu/libz.so.1.2.8
7ff4a5df1000-7ff4a5df2000 r--p 00017000 08:14 5636631                    /lib/x86_64-linux-gnu/libz.so.1.2.8
7ff4a5df2000-7ff4a5df3000 rw-p 00018000 08:14 5636631                    /lib/x86_64-linux-gnu/libz.so.1.2.8
7ff4a5df3000-7ff4a5e0a000 r-xp 00000000 08:14 5649464                    /lib/x86_64-linux-gnu/libpthread-2.17.so
7ff4a5e0a000-7ff4a600a000 ---p 00017000 08:14 5649464                    /lib/x86_64-linux-gnu/libpthread-2.17.so
7ff4a600a000-7ff4a600b000 r--p 00017000 08:14 5649464                    /lib/x86_64-linux-gnu/libpthread-2.17.so
7ff4a600b000-7ff4a600c000 rw-p 00018000 08:14 5649464                    /lib/x86_64-linux-gnu/libpthread-2.17.so
7ff4a600c000-7ff4a6010000 rw-p 00000000 00:00 0 
7ff4a6010000-7ff4a6013000 r-xp 00000000 08:14 5649463                    /lib/x86_64-linux-gnu/libdl-2.17.so
7ff4a6013000-7ff4a6212000 ---p 00003000 08:14 5649463                    /lib/x86_64-linux-gnu/libdl-2.17.so
7ff4a6212000-7ff4a6213000 r--p 00002000 08:14 5649463                    /lib/x86_64-linux-gnu/libdl-2.17.so
7ff4a6213000-7ff4a6214000 rw-p 00003000 08:14 5649463                    /lib/x86_64-linux-gnu/libdl-2.17.so
7ff4a6214000-7ff4a63d1000 r-xp 00000000 08:14 5649462                    /lib/x86_64-linux-gnu/libc-2.17.so
7ff4a63d1000-7ff4a65d1000 ---p 001bd000 08:14 5649462                    /lib/x86_64-linux-gnu/libc-2.17.so
7ff4a65d1000-7ff4a65d5000 r--p 001bd000 08:14 5649462                    /lib/x86_64-linux-gnu/libc-2.17.so
7ff4a65d5000-7ff4a65d7000 rw-p 001c1000 08:14 5649462                    /lib/x86_64-linux-gnu/libc-2.17.so
7ff4a65d7000-7ff4a65dc000 rw-p 00000000 00:00 0 
7ff4a65dc000-7ff4a65e9000 r-xp 00000000 08:14 4338081                    /usr/lib/jvm/java-7-openjdk-amd64/jre/lib/amd64/jli/libjli.so
7ff4a65e9000-7ff4a67e8000 ---p 0000d000 08:14 4338081                    /usr/lib/jvm/java-7-openjdk-amd64/jre/lib/amd64/jli/libjli.so
7ff4a67e8000-7ff4a67e9000 r--p 0000c000 08:14 4338081                    /usr/lib/jvm/java-7-openjdk-amd64/jre/lib/amd64/jli/libjli.so
7ff4a67e9000-7ff4a67ea000 rw-p 0000d000 08:14 4338081                    /usr/lib/jvm/java-7-openjdk-amd64/jre/lib/amd64/jli/libjli.so
7ff4a67ea000-7ff4a680d000 r-xp 00000000 08:14 5649451                    /lib/x86_64-linux-gnu/ld-2.17.so
7ff4a6829000-7ff4a6833000 rw-p 00000000 00:00 0 
7ff4a6833000-7ff4a68e9000 rw-p 00000000 00:00 0 
7ff4a68e9000-7ff4a68ec000 ---p 00000000 00:00 0 
7ff4a68ec000-7ff4a69ef000 rw-p 00000000 00:00 0                          [stack:8029]
7ff4a69fe000-7ff4a6a00000 rw-p 00000000 00:00 0 
7ff4a6a00000-7ff4a6a08000 rw-s 00000000 08:14 1839802                    /tmp/hsperfdata_suni/8022
7ff4a6a08000-7ff4a6a09000 rw-p 00000000 00:00 0 
7ff4a6a09000-7ff4a6a0a000 r--p 00000000 00:00 0 
7ff4a6a0a000-7ff4a6a0c000 rw-p 00000000 00:00 0 
7ff4a6a0c000-7ff4a6a0d000 r--p 00022000 08:14 5649451                    /lib/x86_64-linux-gnu/ld-2.17.so
7ff4a6a0d000-7ff4a6a0f000 rw-p 00023000 08:14 5649451                    /lib/x86_64-linux-gnu/ld-2.17.so
7fffe2f27000-7fffe2f48000 rw-p 00000000 00:00 0                          [stack]
7fffe2f77000-7fffe2f79000 r-xp 00000000 00:00 0                          [vdso]
ffffffffff600000-ffffffffff601000 r-xp 00000000 00:00 0                  [vsyscall]

VM Arguments:
jvm_args: -Dfile.encoding=UTF-8 -Xbootclasspath:/home/suni/eclipseAndroid/adt-bundle-linux-x86_64-20131030/sdk/platforms/android-19/android.jar 
java_command: com.suni.diabetesdiary.Dog
Launcher Type: SUN_STANDARD

Environment Variables:
PATH=/usr/lib/lightdm/lightdm:/usr/local/sbin:/usr/local/bin:/usr/sbin:/usr/bin:/sbin:/bin:/usr/games:/usr/local/games
SHELL=/bin/bash
DISPLAY=:0.0

Signal Handlers:
SIGSEGV: [libjvm.so+0x916ea0], sa_mask[0]=0x7ffbfeff, sa_flags=0x10000004
SIGBUS: [libjvm.so+0x916ea0], sa_mask[0]=0x7ffbfeff, sa_flags=0x10000004
SIGFPE: [libjvm.so+0x794800], sa_mask[0]=0x7ffbfeff, sa_flags=0x10000004
SIGPIPE: [libjvm.so+0x794800], sa_mask[0]=0x7ffbfeff, sa_flags=0x10000004
SIGXFSZ: [libjvm.so+0x794800], sa_mask[0]=0x7ffbfeff, sa_flags=0x10000004
SIGILL: [libjvm.so+0x794800], sa_mask[0]=0x7ffbfeff, sa_flags=0x10000004
SIGUSR1: SIG_DFL, sa_mask[0]=0x00000000, sa_flags=0x00000000
SIGUSR2: [libjvm.so+0x7946a0], sa_mask[0]=0x00000004, sa_flags=0x10000004
SIGHUP: SIG_DFL, sa_mask[0]=0x00000000, sa_flags=0x00000000
SIGINT: SIG_DFL, sa_mask[0]=0x00000000, sa_flags=0x00000000
SIGTERM: SIG_DFL, sa_mask[0]=0x00000000, sa_flags=0x00000000
SIGQUIT: SIG_DFL, sa_mask[0]=0x00000000, sa_flags=0x00000000


---------------  S Y S T E M  ---------------

OS:Ubuntu 13.10 (saucy)
uname:Linux 3.11.0-15-generic #25-Ubuntu SMP Thu Jan 30 17:22:01 UTC 2014 x86_64
libc:glibc 2.17 NPTL 2.17 
rlimit: STACK 8192k, CORE 0k, NPROC 62448, NOFILE 4096, AS infinity
load average:0.42 0.40 0.50

/proc/meminfo:
MemTotal:        8013680 kB
MemFree:          231316 kB
Buffers:           78756 kB
Cached:          1787964 kB
SwapCached:            0 kB
Active:          5908840 kB
Inactive:        1541680 kB
Active(anon):    5388568 kB
Inactive(anon):   945396 kB
Active(file):     520272 kB
Inactive(file):   596284 kB
Unevictable:          16 kB
Mlocked:              16 kB
SwapTotal:       9764860 kB
SwapFree:        9764648 kB
Dirty:               136 kB
Writeback:             0 kB
AnonPages:       5584220 kB
Mapped:           410164 kB
Shmem:            750396 kB
Slab:             169492 kB
SReclaimable:     124108 kB
SUnreclaim:        45384 kB
KernelStack:        7208 kB
PageTables:        60604 kB
NFS_Unstable:          0 kB
Bounce:                0 kB
WritebackTmp:          0 kB
CommitLimit:    13771700 kB
Committed_AS:   11092012 kB
VmallocTotal:   34359738367 kB
VmallocUsed:      608424 kB
VmallocChunk:   34359086204 kB
HardwareCorrupted:     0 kB
AnonHugePages:         0 kB
HugePages_Total:       0
HugePages_Free:        0
HugePages_Rsvd:        0
HugePages_Surp:        0
Hugepagesize:       2048 kB
DirectMap4k:      119548 kB
DirectMap2M:     8103936 kB


CPU:total 8 (4 cores per cpu, 2 threads per core) family 6 model 58 stepping 9, cmov, cx8, fxsr, mmx, sse, sse2, sse3, ssse3, sse4.1, sse4.2, popcnt, avx, aes, erms, ht, tsc, tscinvbit, tscinv

/proc/cpuinfo:
processor	: 0
vendor_id	: GenuineIntel
cpu family	: 6
model		: 58
model name	: Intel(R) Core(TM) i7-3630QM CPU @ 2.40GHz
stepping	: 9
microcode	: 0x15
cpu MHz		: 1200.000
cache size	: 6144 KB
physical id	: 0
siblings	: 8
core id		: 0
cpu cores	: 4
apicid		: 0
initial apicid	: 0
fpu		: yes
fpu_exception	: yes
cpuid level	: 13
wp		: yes
flags		: fpu vme de pse tsc msr pae mce cx8 apic sep mtrr pge mca cmov pat pse36 clflush dts acpi mmx fxsr sse sse2 ss ht tm pbe syscall nx rdtscp lm constant_tsc arch_perfmon pebs bts rep_good nopl xtopology nonstop_tsc aperfmperf eagerfpu pni pclmulqdq dtes64 monitor ds_cpl vmx est tm2 ssse3 cx16 xtpr pdcm pcid sse4_1 sse4_2 x2apic popcnt tsc_deadline_timer aes xsave avx f16c rdrand lahf_lm ida arat epb xsaveopt pln pts dtherm tpr_shadow vnmi flexpriority ept vpid fsgsbase smep erms
bogomips	: 4789.09
clflush size	: 64
cache_alignment	: 64
address sizes	: 36 bits physical, 48 bits virtual
power management:

processor	: 1
vendor_id	: GenuineIntel
cpu family	: 6
model		: 58
model name	: Intel(R) Core(TM) i7-3630QM CPU @ 2.40GHz
stepping	: 9
microcode	: 0x15
cpu MHz		: 2401.000
cache size	: 6144 KB
physical id	: 0
siblings	: 8
core id		: 0
cpu cores	: 4
apicid		: 1
initial apicid	: 1
fpu		: yes
fpu_exception	: yes
cpuid level	: 13
wp		: yes
flags		: fpu vme de pse tsc msr pae mce cx8 apic sep mtrr pge mca cmov pat pse36 clflush dts acpi mmx fxsr sse sse2 ss ht tm pbe syscall nx rdtscp lm constant_tsc arch_perfmon pebs bts rep_good nopl xtopology nonstop_tsc aperfmperf eagerfpu pni pclmulqdq dtes64 monitor ds_cpl vmx est tm2 ssse3 cx16 xtpr pdcm pcid sse4_1 sse4_2 x2apic popcnt tsc_deadline_timer aes xsave avx f16c rdrand lahf_lm ida arat epb xsaveopt pln pts dtherm tpr_shadow vnmi flexpriority ept vpid fsgsbase smep erms
bogomips	: 4789.09
clflush size	: 64
cache_alignment	: 64
address sizes	: 36 bits physical, 48 bits virtual
power management:

processor	: 2
vendor_id	: GenuineIntel
cpu family	: 6
model		: 58
model name	: Intel(R) Core(TM) i7-3630QM CPU @ 2.40GHz
stepping	: 9
microcode	: 0x15
cpu MHz		: 2401.000
cache size	: 6144 KB
physical id	: 0
siblings	: 8
core id		: 1
cpu cores	: 4
apicid		: 2
initial apicid	: 2
fpu		: yes
fpu_exception	: yes
cpuid level	: 13
wp		: yes
flags		: fpu vme de pse tsc msr pae mce cx8 apic sep mtrr pge mca cmov pat pse36 clflush dts acpi mmx fxsr sse sse2 ss ht tm pbe syscall nx rdtscp lm constant_tsc arch_perfmon pebs bts rep_good nopl xtopology nonstop_tsc aperfmperf eagerfpu pni pclmulqdq dtes64 monitor ds_cpl vmx est tm2 ssse3 cx16 xtpr pdcm pcid sse4_1 sse4_2 x2apic popcnt tsc_deadline_timer aes xsave avx f16c rdrand lahf_lm ida arat epb xsaveopt pln pts dtherm tpr_shadow vnmi flexpriority ept vpid fsgsbase smep erms
bogomips	: 4789.09
clflush size	: 64
cache_alignment	: 64
address sizes	: 36 bits physical, 48 bits virtual
power management:

processor	: 3
vendor_id	: GenuineIntel
cpu family	: 6
model		: 58
model name	: Intel(R) Core(TM) i7-3630QM CPU @ 2.40GHz
stepping	: 9
microcode	: 0x15
cpu MHz		: 1200.000
cache size	: 6144 KB
physical id	: 0
siblings	: 8
core id		: 1
cpu cores	: 4
apicid		: 3
initial apicid	: 3
fpu		: yes
fpu_exception	: yes
cpuid level	: 13
wp		: yes
flags		: fpu vme de pse tsc msr pae mce cx8 apic sep mtrr pge mca cmov pat pse36 clflush dts acpi mmx fxsr sse sse2 ss ht tm pbe syscall nx rdtscp lm constant_tsc arch_perfmon pebs bts rep_good nopl xtopology nonstop_tsc aperfmperf eagerfpu pni pclmulqdq dtes64 monitor ds_cpl vmx est tm2 ssse3 cx16 xtpr pdcm pcid sse4_1 sse4_2 x2apic popcnt tsc_deadline_timer aes xsave avx f16c rdrand lahf_lm ida arat epb xsaveopt pln pts dtherm tpr_shadow vnmi flexpriority ept vpid fsgsbase smep erms
bogomips	: 4789.09
clflush size	: 64
cache_alignment	: 64
address sizes	: 36 bits physical, 48 bits virtual
power management:

processor	: 4
vendor_id	: GenuineIntel
cpu family	: 6
model		: 58
model name	: Intel(R) Core(TM) i7-3630QM CPU @ 2.40GHz
stepping	: 9
microcode	: 0x15
cpu MHz		: 1200.000
cache size	: 6144 KB
physical id	: 0
siblings	: 8
core id		: 2
cpu cores	: 4
apicid		: 4
initial apicid	: 4
fpu		: yes
fpu_exception	: yes
cpuid level	: 13
wp		: yes
flags		: fpu vme de pse tsc msr pae mce cx8 apic sep mtrr pge mca cmov pat pse36 clflush dts acpi mmx fxsr sse sse2 ss ht tm pbe syscall nx rdtscp lm constant_tsc arch_perfmon pebs bts rep_good nopl xtopology nonstop_tsc aperfmperf eagerfpu pni pclmulqdq dtes64 monitor ds_cpl vmx est tm2 ssse3 cx16 xtpr pdcm pcid sse4_1 sse4_2 x2apic popcnt tsc_deadline_timer aes xsave avx f16c rdrand lahf_lm ida arat epb xsaveopt pln pts dtherm tpr_shadow vnmi flexpriority ept vpid fsgsbase smep erms
bogomips	: 4789.09
clflush size	: 64
cache_alignment	: 64
address sizes	: 36 bits physical, 48 bits virtual
power management:

processor	: 5
vendor_id	: GenuineIntel
cpu family	: 6
model		: 58
model name	: Intel(R) Core(TM) i7-3630QM CPU @ 2.40GHz
stepping	: 9
microcode	: 0x15
cpu MHz		: 1200.000
cache size	: 6144 KB
physical id	: 0
siblings	: 8
core id		: 2
cpu cores	: 4
apicid		: 5
initial apicid	: 5
fpu		: yes
fpu_exception	: yes
cpuid level	: 13
wp		: yes
flags		: fpu vme de pse tsc msr pae mce cx8 apic sep mtrr pge mca cmov pat pse36 clflush dts acpi mmx fxsr sse sse2 ss ht tm pbe syscall nx rdtscp lm constant_tsc arch_perfmon pebs bts rep_good nopl xtopology nonstop_tsc aperfmperf eagerfpu pni pclmulqdq dtes64 monitor ds_cpl vmx est tm2 ssse3 cx16 xtpr pdcm pcid sse4_1 sse4_2 x2apic popcnt tsc_deadline_timer aes xsave avx f16c rdrand lahf_lm ida arat epb xsaveopt pln pts dtherm tpr_shadow vnmi flexpriority ept vpid fsgsbase smep erms
bogomips	: 4789.09
clflush size	: 64
cache_alignment	: 64
address sizes	: 36 bits physical, 48 bits virtual
power management:

processor	: 6
vendor_id	: GenuineIntel
cpu family	: 6
model		: 58
model name	: Intel(R) Core(TM) i7-3630QM CPU @ 2.40GHz
stepping	: 9
microcode	: 0x15
cpu MHz		: 1200.000
cache size	: 6144 KB
physical id	: 0
siblings	: 8
core id		: 3
cpu cores	: 4
apicid		: 6
initial apicid	: 6
fpu		: yes
fpu_exception	: yes
cpuid level	: 13
wp		: yes
flags		: fpu vme de pse tsc msr pae mce cx8 apic sep mtrr pge mca cmov pat pse36 clflush dts acpi mmx fxsr sse sse2 ss ht tm pbe syscall nx rdtscp lm constant_tsc arch_perfmon pebs bts rep_good nopl xtopology nonstop_tsc aperfmperf eagerfpu pni pclmulqdq dtes64 monitor ds_cpl vmx est tm2 ssse3 cx16 xtpr pdcm pcid sse4_1 sse4_2 x2apic popcnt tsc_deadline_timer aes xsave avx f16c rdrand lahf_lm ida arat epb xsaveopt pln pts dtherm tpr_shadow vnmi flexpriority ept vpid fsgsbase smep erms
bogomips	: 4789.09
clflush size	: 64
cache_alignment	: 64
address sizes	: 36 bits physical, 48 bits virtual
power management:

processor	: 7
vendor_id	: GenuineIntel
cpu family	: 6
model		: 58
model name	: Intel(R) Core(TM) i7-3630QM CPU @ 2.40GHz
stepping	: 9
microcode	: 0x15
cpu MHz		: 2401.000
cache size	: 6144 KB
physical id	: 0
siblings	: 8
core id		: 3
cpu cores	: 4
apicid		: 7
initial apicid	: 7
fpu		: yes
fpu_exception	: yes
cpuid level	: 13
wp		: yes
flags		: fpu vme de pse tsc msr pae mce cx8 apic sep mtrr pge mca cmov pat pse36 clflush dts acpi mmx fxsr sse sse2 ss ht tm pbe syscall nx rdtscp lm constant_tsc arch_perfmon pebs bts rep_good nopl xtopology nonstop_tsc aperfmperf eagerfpu pni pclmulqdq dtes64 monitor ds_cpl vmx est tm2 ssse3 cx16 xtpr pdcm pcid sse4_1 sse4_2 x2apic popcnt tsc_deadline_timer aes xsave avx f16c rdrand lahf_lm ida arat epb xsaveopt pln pts dtherm tpr_shadow vnmi flexpriority ept vpid fsgsbase smep erms
bogomips	: 4789.09
clflush size	: 64
cache_alignment	: 64
address sizes	: 36 bits physical, 48 bits virtual
power management:



Memory: 4k page, physical 8013680k(231316k free), swap 9764860k(9764648k free)

vm_info: OpenJDK 64-Bit Server VM (24.45-b08) for linux-amd64 JRE (1.7.0_51-b00), built on Jan 15 2014 22:02:57 by "buildd" with gcc 4.8.1

time: Wed Feb 12 22:45:12 2014
elapsed time: 0 seconds

