#
# A fatal error has been detected by the Java Runtime Environment:
#
#  Internal Error (javaClasses.cpp:136), pid=8159, tid=140439736981248
#  fatal error: Invalid layout of preloaded class
#
# JRE version:  (7.0_51) (build )
# Java VM: OpenJDK 64-Bit Server VM (24.45-b08 mixed mode linux-amd64 compressed oops)
# Failed to write core dump. Core dumps have been disabled. To enable core dumping, try "ulimit -c unlimited" before starting Java again
#
# If you would like to submit a bug report, please include
# instructions on how to reproduce the bug and visit:
#   http://icedtea.classpath.org/bugzilla
#

---------------  T H R E A D  ---------------

Current thread (0x00007fbaa400a000):  JavaThread "Unknown thread" [_thread_in_vm, id=8164, stack(0x00007fbaac929000,0x00007fbaaca2a000)]

Stack: [0x00007fbaac929000,0x00007fbaaca2a000],  sp=0x00007fbaaca288a0,  free space=1022k
Native frames: (J=compiled Java code, j=interpreted, Vv=VM code, C=native code)
V  [libjvm.so+0x9163b5]  VMError::report_and_die()+0x175
V  [libjvm.so+0x4666d4]  report_fatal(char const*, int, char const*)+0x54
V  [libjvm.so+0x5bf5ba]  compute_offset(int&, klassOopDesc*, Symbol*, Symbol*, bool) [clone .constprop.121]+0x10a
V  [libjvm.so+0x5bfbc6]  java_lang_String::compute_offsets()+0x36
V  [libjvm.so+0x89d01c]  SystemDictionary::initialize_preloaded_classes(Thread*)+0xcc
V  [libjvm.so+0x8e7fa8]  Universe::genesis(Thread*)+0x468
V  [libjvm.so+0x8e85b4]  universe2_init()+0x24
V  [libjvm.so+0x57429a]  init_globals()+0x9a
V  [libjvm.so+0x8cb87f]  Threads::create_vm(JavaVMInitArgs*, bool*)+0x35f
V  [libjvm.so+0x5ddb14]  JNI_CreateJavaVM+0x54
C  [libjli.so+0x2b18]  __strcat_chk+0x2b18


---------------  P R O C E S S  ---------------

Java Threads: ( => current thread )

Other Threads:

=>0x00007fbaa400a000 (exited) JavaThread "Unknown thread" [_thread_in_vm, id=8164, stack(0x00007fbaac929000,0x00007fbaaca2a000)]

VM state:not at safepoint (not fully initialized)

VM Mutex/Monitor currently owned by a thread: None

GC Heap History (0 events):
No events

Deoptimization events (0 events):
No events

Internal exceptions (0 events):
No events

Events (10 events):
Event: 0.005 loading class 0x00007fbaa81ce6f0 done
Event: 0.005 loading class 0x00007fbaa81ce110 done
Event: 0.005 loading class 0x00007fbaa81ce0f0
Event: 0.005 loading class 0x00007fbaa81d6130
Event: 0.005 loading class 0x00007fbaa81d6130 done
Event: 0.005 loading class 0x00007fbaa81d6160
Event: 0.005 loading class 0x00007fbaa81d6160 done
Event: 0.005 loading class 0x00007fbaa81d6190
Event: 0.005 loading class 0x00007fbaa81d6190 done
Event: 0.005 loading class 0x00007fbaa81ce0f0 done


Dynamic libraries:
00400000-00401000 r-xp 00000000 08:14 4338125                            /usr/lib/jvm/java-7-openjdk-amd64/jre/bin/java
00600000-00601000 r--p 00000000 08:14 4338125                            /usr/lib/jvm/java-7-openjdk-amd64/jre/bin/java
00601000-00602000 rw-p 00001000 08:14 4338125                            /usr/lib/jvm/java-7-openjdk-amd64/jre/bin/java
00c7c000-00c9d000 rw-p 00000000 00:00 0                                  [heap]
77b400000-77c900000 rw-p 00000000 00:00 0 
77c900000-785a00000 rw-p 00000000 00:00 0 
785a00000-78ab80000 rw-p 00000000 00:00 0 
78ab80000-7d7300000 rw-p 00000000 00:00 0 
7d7300000-7d9c00000 rw-p 00000000 00:00 0 
7d9c00000-800000000 rw-p 00000000 00:00 0 
7fba6fda0000-7fba74000000 rw-p 00000000 00:00 0 
7fba74000000-7fba74021000 rw-p 00000000 00:00 0 
7fba74021000-7fba78000000 ---p 00000000 00:00 0 
7fba7c000000-7fba7c021000 rw-p 00000000 00:00 0 
7fba7c021000-7fba80000000 ---p 00000000 00:00 0 
7fba80000000-7fba80021000 rw-p 00000000 00:00 0 
7fba80021000-7fba84000000 ---p 00000000 00:00 0 
7fba84000000-7fba84021000 rw-p 00000000 00:00 0 
7fba84021000-7fba88000000 ---p 00000000 00:00 0 
7fba88000000-7fba88021000 rw-p 00000000 00:00 0 
7fba88021000-7fba8c000000 ---p 00000000 00:00 0 
7fba8c000000-7fba8c021000 rw-p 00000000 00:00 0 
7fba8c021000-7fba90000000 ---p 00000000 00:00 0 
7fba94000000-7fba94021000 rw-p 00000000 00:00 0 
7fba94021000-7fba98000000 ---p 00000000 00:00 0 
7fba9c000000-7fba9c021000 rw-p 00000000 00:00 0 
7fba9c021000-7fbaa0000000 ---p 00000000 00:00 0 
7fbaa0dca000-7fbaa1000000 rw-p 00000000 00:00 0 
7fbaa1000000-7fbaa1270000 rwxp 00000000 00:00 0 
7fbaa1270000-7fbaa405d000 rw-p 00000000 00:00 0 
7fbaa405d000-7fbaa8000000 ---p 00000000 00:00 0 
7fbaa805a000-7fbaa8081000 rw-p 00000000 00:00 0 
7fbaa8081000-7fbaa8158000 r--s 013fe000 08:14 1448622                    /home/suni/eclipseAndroid/adt-bundle-linux-x86_64-20131030/sdk/platforms/android-19/android.jar
7fbaa8158000-7fbaa86a1000 rw-p 00000000 00:00 0 
7fbaa86a1000-7fbaa86a2000 ---p 00000000 00:00 0 
7fbaa86a2000-7fbaa87a2000 rw-p 00000000 00:00 0                          [stack:8172]
7fbaa87a2000-7fbaa87a3000 ---p 00000000 00:00 0 
7fbaa87a3000-7fbaa88a3000 rw-p 00000000 00:00 0                          [stack:8171]
7fbaa88a3000-7fbaa88a4000 ---p 00000000 00:00 0 
7fbaa88a4000-7fbaa89a4000 rw-p 00000000 00:00 0                          [stack:8170]
7fbaa89a4000-7fbaa89a5000 ---p 00000000 00:00 0 
7fbaa89a5000-7fbaa8aa5000 rw-p 00000000 00:00 0                          [stack:8169]
7fbaa8aa5000-7fbaa8aa6000 ---p 00000000 00:00 0 
7fbaa8aa6000-7fbaa8ba6000 rw-p 00000000 00:00 0                          [stack:8168]
7fbaa8ba6000-7fbaa8ba7000 ---p 00000000 00:00 0 
7fbaa8ba7000-7fbaa8ca7000 rw-p 00000000 00:00 0                          [stack:8167]
7fbaa8ca7000-7fbaa8ca8000 ---p 00000000 00:00 0 
7fbaa8ca8000-7fbaa8da8000 rw-p 00000000 00:00 0                          [stack:8166]
7fbaa8da8000-7fbaa8da9000 ---p 00000000 00:00 0 
7fbaa8da9000-7fbaa8eb4000 rw-p 00000000 00:00 0                          [stack:8165]
7fbaa8eb4000-7fbaa8efc000 rw-p 00000000 00:00 0 
7fbaa8efc000-7fbaa8f25000 rw-p 00000000 00:00 0 
7fbaa8f25000-7fbaa9189000 rw-p 00000000 00:00 0 
7fbaa9189000-7fbaa9194000 rw-p 00000000 00:00 0 
7fbaa9194000-7fbaa91dc000 rw-p 00000000 00:00 0 
7fbaa91dc000-7fbaa9205000 rw-p 00000000 00:00 0 
7fbaa9205000-7fbaa9468000 rw-p 00000000 00:00 0 
7fbaa9468000-7fbaa947d000 rw-p 00000000 00:00 0 
7fbaa947d000-7fbaa95af000 rw-p 00000000 00:00 0 
7fbaa95af000-7fbaa95b0000 rw-p 00000000 00:00 0 
7fbaa95b0000-7fbaa95b8000 r-xp 00000000 08:14 4332496                    /usr/lib/jvm/java-7-openjdk-amd64/jre/lib/amd64/libzip.so
7fbaa95b8000-7fbaa97b7000 ---p 00008000 08:14 4332496                    /usr/lib/jvm/java-7-openjdk-amd64/jre/lib/amd64/libzip.so
7fbaa97b7000-7fbaa97b8000 r--p 00007000 08:14 4332496                    /usr/lib/jvm/java-7-openjdk-amd64/jre/lib/amd64/libzip.so
7fbaa97b8000-7fbaa97b9000 rw-p 00008000 08:14 4332496                    /usr/lib/jvm/java-7-openjdk-amd64/jre/lib/amd64/libzip.so
7fbaa97b9000-7fbaa97c5000 r-xp 00000000 08:14 5649456                    /lib/x86_64-linux-gnu/libnss_files-2.17.so
7fbaa97c5000-7fbaa99c4000 ---p 0000c000 08:14 5649456                    /lib/x86_64-linux-gnu/libnss_files-2.17.so
7fbaa99c4000-7fbaa99c5000 r--p 0000b000 08:14 5649456                    /lib/x86_64-linux-gnu/libnss_files-2.17.so
7fbaa99c5000-7fbaa99c6000 rw-p 0000c000 08:14 5649456                    /lib/x86_64-linux-gnu/libnss_files-2.17.so
7fbaa99c6000-7fbaa99d1000 r-xp 00000000 08:14 5649454                    /lib/x86_64-linux-gnu/libnss_nis-2.17.so
7fbaa99d1000-7fbaa9bd0000 ---p 0000b000 08:14 5649454                    /lib/x86_64-linux-gnu/libnss_nis-2.17.so
7fbaa9bd0000-7fbaa9bd1000 r--p 0000a000 08:14 5649454                    /lib/x86_64-linux-gnu/libnss_nis-2.17.so
7fbaa9bd1000-7fbaa9bd2000 rw-p 0000b000 08:14 5649454                    /lib/x86_64-linux-gnu/libnss_nis-2.17.so
7fbaa9bd2000-7fbaa9be9000 r-xp 00000000 08:14 5649442                    /lib/x86_64-linux-gnu/libnsl-2.17.so
7fbaa9be9000-7fbaa9de8000 ---p 00017000 08:14 5649442                    /lib/x86_64-linux-gnu/libnsl-2.17.so
7fbaa9de8000-7fbaa9de9000 r--p 00016000 08:14 5649442                    /lib/x86_64-linux-gnu/libnsl-2.17.so
7fbaa9de9000-7fbaa9dea000 rw-p 00017000 08:14 5649442                    /lib/x86_64-linux-gnu/libnsl-2.17.so
7fbaa9dea000-7fbaa9dec000 rw-p 00000000 00:00 0 
7fbaa9dec000-7fbaa9df4000 r-xp 00000000 08:14 5649445                    /lib/x86_64-linux-gnu/libnss_compat-2.17.so
7fbaa9df4000-7fbaa9ff3000 ---p 00008000 08:14 5649445                    /lib/x86_64-linux-gnu/libnss_compat-2.17.so
7fbaa9ff3000-7fbaa9ff4000 r--p 00007000 08:14 5649445                    /lib/x86_64-linux-gnu/libnss_compat-2.17.so
7fbaa9ff4000-7fbaa9ff5000 rw-p 00008000 08:14 5649445                    /lib/x86_64-linux-gnu/libnss_compat-2.17.so
7fbaa9ff5000-7fbaaa020000 r-xp 00000000 08:14 4327912                    /usr/lib/jvm/java-7-openjdk-amd64/jre/lib/amd64/libjava.so
7fbaaa020000-7fbaaa21f000 ---p 0002b000 08:14 4327912                    /usr/lib/jvm/java-7-openjdk-amd64/jre/lib/amd64/libjava.so
7fbaaa21f000-7fbaaa220000 r--p 0002a000 08:14 4327912                    /usr/lib/jvm/java-7-openjdk-amd64/jre/lib/amd64/libjava.so
7fbaaa220000-7fbaaa222000 rw-p 0002b000 08:14 4327912                    /usr/lib/jvm/java-7-openjdk-amd64/jre/lib/amd64/libjava.so
7fbaaa222000-7fbaaa232000 r-xp 00000000 08:14 4338064                    /usr/lib/jvm/java-7-openjdk-amd64/jre/lib/amd64/libverify.so
7fbaaa232000-7fbaaa431000 ---p 00010000 08:14 4338064                    /usr/lib/jvm/java-7-openjdk-amd64/jre/lib/amd64/libverify.so
7fbaaa431000-7fbaaa433000 r--p 0000f000 08:14 4338064                    /usr/lib/jvm/java-7-openjdk-amd64/jre/lib/amd64/libverify.so
7fbaaa433000-7fbaaa434000 rw-p 00011000 08:14 4338064                    /usr/lib/jvm/java-7-openjdk-amd64/jre/lib/amd64/libverify.so
7fbaaa434000-7fbaaa43b000 r-xp 00000000 08:14 5649457                    /lib/x86_64-linux-gnu/librt-2.17.so
7fbaaa43b000-7fbaaa63a000 ---p 00007000 08:14 5649457                    /lib/x86_64-linux-gnu/librt-2.17.so
7fbaaa63a000-7fbaaa63b000 r--p 00006000 08:14 5649457                    /lib/x86_64-linux-gnu/librt-2.17.so
7fbaaa63b000-7fbaaa63c000 rw-p 00007000 08:14 5649457                    /lib/x86_64-linux-gnu/librt-2.17.so
7fbaaa63c000-7fbaaa651000 r-xp 00000000 08:14 5639764                    /lib/x86_64-linux-gnu/libgcc_s.so.1
7fbaaa651000-7fbaaa850000 ---p 00015000 08:14 5639764                    /lib/x86_64-linux-gnu/libgcc_s.so.1
7fbaaa850000-7fbaaa851000 r--p 00014000 08:14 5639764                    /lib/x86_64-linux-gnu/libgcc_s.so.1
7fbaaa851000-7fbaaa852000 rw-p 00015000 08:14 5639764                    /lib/x86_64-linux-gnu/libgcc_s.so.1
7fbaaa852000-7fbaaa955000 r-xp 00000000 08:14 5649448                    /lib/x86_64-linux-gnu/libm-2.17.so
7fbaaa955000-7fbaaab54000 ---p 00103000 08:14 5649448                    /lib/x86_64-linux-gnu/libm-2.17.so
7fbaaab54000-7fbaaab55000 r--p 00102000 08:14 5649448                    /lib/x86_64-linux-gnu/libm-2.17.so
7fbaaab55000-7fbaaab56000 rw-p 00103000 08:14 5649448                    /lib/x86_64-linux-gnu/libm-2.17.so
7fbaaab56000-7fbaaac3c000 r-xp 00000000 08:14 4333505                    /usr/lib/x86_64-linux-gnu/libstdc++.so.6.0.18
7fbaaac3c000-7fbaaae3b000 ---p 000e6000 08:14 4333505                    /usr/lib/x86_64-linux-gnu/libstdc++.so.6.0.18
7fbaaae3b000-7fbaaae43000 r--p 000e5000 08:14 4333505                    /usr/lib/x86_64-linux-gnu/libstdc++.so.6.0.18
7fbaaae43000-7fbaaae45000 rw-p 000ed000 08:14 4333505                    /usr/lib/x86_64-linux-gnu/libstdc++.so.6.0.18
7fbaaae45000-7fbaaae5a000 rw-p 00000000 00:00 0 
7fbaaae5a000-7fbaab939000 r-xp 00000000 08:14 4338076                    /usr/lib/jvm/java-7-openjdk-amd64/jre/lib/amd64/server/libjvm.so
7fbaab939000-7fbaabb38000 ---p 00adf000 08:14 4338076                    /usr/lib/jvm/java-7-openjdk-amd64/jre/lib/amd64/server/libjvm.so
7fbaabb38000-7fbaabbca000 r--p 00ade000 08:14 4338076                    /usr/lib/jvm/java-7-openjdk-amd64/jre/lib/amd64/server/libjvm.so
7fbaabbca000-7fbaabbed000 rw-p 00b70000 08:14 4338076                    /usr/lib/jvm/java-7-openjdk-amd64/jre/lib/amd64/server/libjvm.so
7fbaabbed000-7fbaabc1a000 rw-p 00000000 00:00 0 
7fbaabc1a000-7fbaabc32000 r-xp 00000000 08:14 5636631                    /lib/x86_64-linux-gnu/libz.so.1.2.8
7fbaabc32000-7fbaabe31000 ---p 00018000 08:14 5636631                    /lib/x86_64-linux-gnu/libz.so.1.2.8
7fbaabe31000-7fbaabe32000 r--p 00017000 08:14 5636631                    /lib/x86_64-linux-gnu/libz.so.1.2.8
7fbaabe32000-7fbaabe33000 rw-p 00018000 08:14 5636631                    /lib/x86_64-linux-gnu/libz.so.1.2.8
7fbaabe33000-7fbaabe4a000 r-xp 00000000 08:14 5649464                    /lib/x86_64-linux-gnu/libpthread-2.17.so
7fbaabe4a000-7fbaac04a000 ---p 00017000 08:14 5649464                    /lib/x86_64-linux-gnu/libpthread-2.17.so
7fbaac04a000-7fbaac04b000 r--p 00017000 08:14 5649464                    /lib/x86_64-linux-gnu/libpthread-2.17.so
7fbaac04b000-7fbaac04c000 rw-p 00018000 08:14 5649464                    /lib/x86_64-linux-gnu/libpthread-2.17.so
7fbaac04c000-7fbaac050000 rw-p 00000000 00:00 0 
7fbaac050000-7fbaac053000 r-xp 00000000 08:14 5649463                    /lib/x86_64-linux-gnu/libdl-2.17.so
7fbaac053000-7fbaac252000 ---p 00003000 08:14 5649463                    /lib/x86_64-linux-gnu/libdl-2.17.so
7fbaac252000-7fbaac253000 r--p 00002000 08:14 5649463                    /lib/x86_64-linux-gnu/libdl-2.17.so
7fbaac253000-7fbaac254000 rw-p 00003000 08:14 5649463                    /lib/x86_64-linux-gnu/libdl-2.17.so
7fbaac254000-7fbaac411000 r-xp 00000000 08:14 5649462                    /lib/x86_64-linux-gnu/libc-2.17.so
7fbaac411000-7fbaac611000 ---p 001bd000 08:14 5649462                    /lib/x86_64-linux-gnu/libc-2.17.so
7fbaac611000-7fbaac615000 r--p 001bd000 08:14 5649462                    /lib/x86_64-linux-gnu/libc-2.17.so
7fbaac615000-7fbaac617000 rw-p 001c1000 08:14 5649462                    /lib/x86_64-linux-gnu/libc-2.17.so
7fbaac617000-7fbaac61c000 rw-p 00000000 00:00 0 
7fbaac61c000-7fbaac629000 r-xp 00000000 08:14 4338081                    /usr/lib/jvm/java-7-openjdk-amd64/jre/lib/amd64/jli/libjli.so
7fbaac629000-7fbaac828000 ---p 0000d000 08:14 4338081                    /usr/lib/jvm/java-7-openjdk-amd64/jre/lib/amd64/jli/libjli.so
7fbaac828000-7fbaac829000 r--p 0000c000 08:14 4338081                    /usr/lib/jvm/java-7-openjdk-amd64/jre/lib/amd64/jli/libjli.so
7fbaac829000-7fbaac82a000 rw-p 0000d000 08:14 4338081                    /usr/lib/jvm/java-7-openjdk-amd64/jre/lib/amd64/jli/libjli.so
7fbaac82a000-7fbaac84d000 r-xp 00000000 08:14 5649451                    /lib/x86_64-linux-gnu/ld-2.17.so
7fbaac869000-7fbaac873000 rw-p 00000000 00:00 0 
7fbaac873000-7fbaac929000 rw-p 00000000 00:00 0 
7fbaac929000-7fbaac92c000 ---p 00000000 00:00 0 
7fbaac92c000-7fbaaca2f000 rw-p 00000000 00:00 0                          [stack:8164]
7fbaaca3e000-7fbaaca40000 rw-p 00000000 00:00 0 
7fbaaca40000-7fbaaca48000 rw-s 00000000 08:14 1839802                    /tmp/hsperfdata_suni/8159
7fbaaca48000-7fbaaca49000 rw-p 00000000 00:00 0 
7fbaaca49000-7fbaaca4a000 r--p 00000000 00:00 0 
7fbaaca4a000-7fbaaca4c000 rw-p 00000000 00:00 0 
7fbaaca4c000-7fbaaca4d000 r--p 00022000 08:14 5649451                    /lib/x86_64-linux-gnu/ld-2.17.so
7fbaaca4d000-7fbaaca4f000 rw-p 00023000 08:14 5649451                    /lib/x86_64-linux-gnu/ld-2.17.so
7fffaf732000-7fffaf753000 rw-p 00000000 00:00 0                          [stack]
7fffaf7fe000-7fffaf800000 r-xp 00000000 00:00 0                          [vdso]
ffffffffff600000-ffffffffff601000 r-xp 00000000 00:00 0                  [vsyscall]

VM Arguments:
jvm_args: -Dfile.encoding=UTF-8 -Xbootclasspath:/home/suni/eclipseAndroid/adt-bundle-linux-x86_64-20131030/sdk/platforms/android-19/android.jar 
java_command: com.suni.diabetesdiary.Dog
Launcher Type: SUN_STANDARD

Environment Variables:
PATH=/usr/lib/lightdm/lightdm:/usr/local/sbin:/usr/local/bin:/usr/sbin:/usr/bin:/sbin:/bin:/usr/games:/usr/local/games
SHELL=/bin/bash
DISPLAY=:0.0

Signal Handlers:
SIGSEGV: [libjvm.so+0x916ea0], sa_mask[0]=0x7ffbfeff, sa_flags=0x10000004
SIGBUS: [libjvm.so+0x916ea0], sa_mask[0]=0x7ffbfeff, sa_flags=0x10000004
SIGFPE: [libjvm.so+0x794800], sa_mask[0]=0x7ffbfeff, sa_flags=0x10000004
SIGPIPE: [libjvm.so+0x794800], sa_mask[0]=0x7ffbfeff, sa_flags=0x10000004
SIGXFSZ: [libjvm.so+0x794800], sa_mask[0]=0x7ffbfeff, sa_flags=0x10000004
SIGILL: [libjvm.so+0x794800], sa_mask[0]=0x7ffbfeff, sa_flags=0x10000004
SIGUSR1: SIG_DFL, sa_mask[0]=0x00000000, sa_flags=0x00000000
SIGUSR2: [libjvm.so+0x7946a0], sa_mask[0]=0x00000004, sa_flags=0x10000004
SIGHUP: SIG_DFL, sa_mask[0]=0x00000000, sa_flags=0x00000000
SIGINT: SIG_DFL, sa_mask[0]=0x00000000, sa_flags=0x00000000
SIGTERM: SIG_DFL, sa_mask[0]=0x00000000, sa_flags=0x00000000
SIGQUIT: SIG_DFL, sa_mask[0]=0x00000000, sa_flags=0x00000000


---------------  S Y S T E M  ---------------

OS:Ubuntu 13.10 (saucy)
uname:Linux 3.11.0-15-generic #25-Ubuntu SMP Thu Jan 30 17:22:01 UTC 2014 x86_64
libc:glibc 2.17 NPTL 2.17 
rlimit: STACK 8192k, CORE 0k, NPROC 62448, NOFILE 4096, AS infinity
load average:0.61 0.45 0.51

/proc/meminfo:
MemTotal:        8013680 kB
MemFree:          210700 kB
Buffers:           78852 kB
Cached:          1782692 kB
SwapCached:            0 kB
Active:          5939448 kB
Inactive:        1529536 kB
Active(anon):    5411988 kB
Inactive(anon):   939268 kB
Active(file):     527460 kB
Inactive(file):   590268 kB
Unevictable:          16 kB
Mlocked:              16 kB
SwapTotal:       9764860 kB
SwapFree:        9764648 kB
Dirty:               220 kB
Writeback:             0 kB
AnonPages:       5607060 kB
Mapped:           414204 kB
Shmem:            743812 kB
Slab:             169500 kB
SReclaimable:     124068 kB
SUnreclaim:        45432 kB
KernelStack:        7304 kB
PageTables:        61092 kB
NFS_Unstable:          0 kB
Bounce:                0 kB
WritebackTmp:          0 kB
CommitLimit:    13771700 kB
Committed_AS:   11115228 kB
VmallocTotal:   34359738367 kB
VmallocUsed:      608424 kB
VmallocChunk:   34359086204 kB
HardwareCorrupted:     0 kB
AnonHugePages:         0 kB
HugePages_Total:       0
HugePages_Free:        0
HugePages_Rsvd:        0
HugePages_Surp:        0
Hugepagesize:       2048 kB
DirectMap4k:      119548 kB
DirectMap2M:     8103936 kB


CPU:total 8 (4 cores per cpu, 2 threads per core) family 6 model 58 stepping 9, cmov, cx8, fxsr, mmx, sse, sse2, sse3, ssse3, sse4.1, sse4.2, popcnt, avx, aes, erms, ht, tsc, tscinvbit, tscinv

/proc/cpuinfo:
processor	: 0
vendor_id	: GenuineIntel
cpu family	: 6
model		: 58
model name	: Intel(R) Core(TM) i7-3630QM CPU @ 2.40GHz
stepping	: 9
microcode	: 0x15
cpu MHz		: 2400.000
cache size	: 6144 KB
physical id	: 0
siblings	: 8
core id		: 0
cpu cores	: 4
apicid		: 0
initial apicid	: 0
fpu		: yes
fpu_exception	: yes
cpuid level	: 13
wp		: yes
flags		: fpu vme de pse tsc msr pae mce cx8 apic sep mtrr pge mca cmov pat pse36 clflush dts acpi mmx fxsr sse sse2 ss ht tm pbe syscall nx rdtscp lm constant_tsc arch_perfmon pebs bts rep_good nopl xtopology nonstop_tsc aperfmperf eagerfpu pni pclmulqdq dtes64 monitor ds_cpl vmx est tm2 ssse3 cx16 xtpr pdcm pcid sse4_1 sse4_2 x2apic popcnt tsc_deadline_timer aes xsave avx f16c rdrand lahf_lm ida arat epb xsaveopt pln pts dtherm tpr_shadow vnmi flexpriority ept vpid fsgsbase smep erms
bogomips	: 4789.09
clflush size	: 64
cache_alignment	: 64
address sizes	: 36 bits physical, 48 bits virtual
power management:

processor	: 1
vendor_id	: GenuineIntel
cpu family	: 6
model		: 58
model name	: Intel(R) Core(TM) i7-3630QM CPU @ 2.40GHz
stepping	: 9
microcode	: 0x15
cpu MHz		: 1200.000
cache size	: 6144 KB
physical id	: 0
siblings	: 8
core id		: 0
cpu cores	: 4
apicid		: 1
initial apicid	: 1
fpu		: yes
fpu_exception	: yes
cpuid level	: 13
wp		: yes
flags		: fpu vme de pse tsc msr pae mce cx8 apic sep mtrr pge mca cmov pat pse36 clflush dts acpi mmx fxsr sse sse2 ss ht tm pbe syscall nx rdtscp lm constant_tsc arch_perfmon pebs bts rep_good nopl xtopology nonstop_tsc aperfmperf eagerfpu pni pclmulqdq dtes64 monitor ds_cpl vmx est tm2 ssse3 cx16 xtpr pdcm pcid sse4_1 sse4_2 x2apic popcnt tsc_deadline_timer aes xsave avx f16c rdrand lahf_lm ida arat epb xsaveopt pln pts dtherm tpr_shadow vnmi flexpriority ept vpid fsgsbase smep erms
bogomips	: 4789.09
clflush size	: 64
cache_alignment	: 64
address sizes	: 36 bits physical, 48 bits virtual
power management:

processor	: 2
vendor_id	: GenuineIntel
cpu family	: 6
model		: 58
model name	: Intel(R) Core(TM) i7-3630QM CPU @ 2.40GHz
stepping	: 9
microcode	: 0x15
cpu MHz		: 1200.000
cache size	: 6144 KB
physical id	: 0
siblings	: 8
core id		: 1
cpu cores	: 4
apicid		: 2
initial apicid	: 2
fpu		: yes
fpu_exception	: yes
cpuid level	: 13
wp		: yes
flags		: fpu vme de pse tsc msr pae mce cx8 apic sep mtrr pge mca cmov pat pse36 clflush dts acpi mmx fxsr sse sse2 ss ht tm pbe syscall nx rdtscp lm constant_tsc arch_perfmon pebs bts rep_good nopl xtopology nonstop_tsc aperfmperf eagerfpu pni pclmulqdq dtes64 monitor ds_cpl vmx est tm2 ssse3 cx16 xtpr pdcm pcid sse4_1 sse4_2 x2apic popcnt tsc_deadline_timer aes xsave avx f16c rdrand lahf_lm ida arat epb xsaveopt pln pts dtherm tpr_shadow vnmi flexpriority ept vpid fsgsbase smep erms
bogomips	: 4789.09
clflush size	: 64
cache_alignment	: 64
address sizes	: 36 bits physical, 48 bits virtual
power management:

processor	: 3
vendor_id	: GenuineIntel
cpu family	: 6
model		: 58
model name	: Intel(R) Core(TM) i7-3630QM CPU @ 2.40GHz
stepping	: 9
microcode	: 0x15
cpu MHz		: 2401.000
cache size	: 6144 KB
physical id	: 0
siblings	: 8
core id		: 1
cpu cores	: 4
apicid		: 3
initial apicid	: 3
fpu		: yes
fpu_exception	: yes
cpuid level	: 13
wp		: yes
flags		: fpu vme de pse tsc msr pae mce cx8 apic sep mtrr pge mca cmov pat pse36 clflush dts acpi mmx fxsr sse sse2 ss ht tm pbe syscall nx rdtscp lm constant_tsc arch_perfmon pebs bts rep_good nopl xtopology nonstop_tsc aperfmperf eagerfpu pni pclmulqdq dtes64 monitor ds_cpl vmx est tm2 ssse3 cx16 xtpr pdcm pcid sse4_1 sse4_2 x2apic popcnt tsc_deadline_timer aes xsave avx f16c rdrand lahf_lm ida arat epb xsaveopt pln pts dtherm tpr_shadow vnmi flexpriority ept vpid fsgsbase smep erms
bogomips	: 4789.09
clflush size	: 64
cache_alignment	: 64
address sizes	: 36 bits physical, 48 bits virtual
power management:

processor	: 4
vendor_id	: GenuineIntel
cpu family	: 6
model		: 58
model name	: Intel(R) Core(TM) i7-3630QM CPU @ 2.40GHz
stepping	: 9
microcode	: 0x15
cpu MHz		: 1200.000
cache size	: 6144 KB
physical id	: 0
siblings	: 8
core id		: 2
cpu cores	: 4
apicid		: 4
initial apicid	: 4
fpu		: yes
fpu_exception	: yes
cpuid level	: 13
wp		: yes
flags		: fpu vme de pse tsc msr pae mce cx8 apic sep mtrr pge mca cmov pat pse36 clflush dts acpi mmx fxsr sse sse2 ss ht tm pbe syscall nx rdtscp lm constant_tsc arch_perfmon pebs bts rep_good nopl xtopology nonstop_tsc aperfmperf eagerfpu pni pclmulqdq dtes64 monitor ds_cpl vmx est tm2 ssse3 cx16 xtpr pdcm pcid sse4_1 sse4_2 x2apic popcnt tsc_deadline_timer aes xsave avx f16c rdrand lahf_lm ida arat epb xsaveopt pln pts dtherm tpr_shadow vnmi flexpriority ept vpid fsgsbase smep erms
bogomips	: 4789.09
clflush size	: 64
cache_alignment	: 64
address sizes	: 36 bits physical, 48 bits virtual
power management:

processor	: 5
vendor_id	: GenuineIntel
cpu family	: 6
model		: 58
model name	: Intel(R) Core(TM) i7-3630QM CPU @ 2.40GHz
stepping	: 9
microcode	: 0x15
cpu MHz		: 1200.000
cache size	: 6144 KB
physical id	: 0
siblings	: 8
core id		: 2
cpu cores	: 4
apicid		: 5
initial apicid	: 5
fpu		: yes
fpu_exception	: yes
cpuid level	: 13
wp		: yes
flags		: fpu vme de pse tsc msr pae mce cx8 apic sep mtrr pge mca cmov pat pse36 clflush dts acpi mmx fxsr sse sse2 ss ht tm pbe syscall nx rdtscp lm constant_tsc arch_perfmon pebs bts rep_good nopl xtopology nonstop_tsc aperfmperf eagerfpu pni pclmulqdq dtes64 monitor ds_cpl vmx est tm2 ssse3 cx16 xtpr pdcm pcid sse4_1 sse4_2 x2apic popcnt tsc_deadline_timer aes xsave avx f16c rdrand lahf_lm ida arat epb xsaveopt pln pts dtherm tpr_shadow vnmi flexpriority ept vpid fsgsbase smep erms
bogomips	: 4789.09
clflush size	: 64
cache_alignment	: 64
address sizes	: 36 bits physical, 48 bits virtual
power management:

processor	: 6
vendor_id	: GenuineIntel
cpu family	: 6
model		: 58
model name	: Intel(R) Core(TM) i7-3630QM CPU @ 2.40GHz
stepping	: 9
microcode	: 0x15
cpu MHz		: 2401.000
cache size	: 6144 KB
physical id	: 0
siblings	: 8
core id		: 3
cpu cores	: 4
apicid		: 6
initial apicid	: 6
fpu		: yes
fpu_exception	: yes
cpuid level	: 13
wp		: yes
flags		: fpu vme de pse tsc msr pae mce cx8 apic sep mtrr pge mca cmov pat pse36 clflush dts acpi mmx fxsr sse sse2 ss ht tm pbe syscall nx rdtscp lm constant_tsc arch_perfmon pebs bts rep_good nopl xtopology nonstop_tsc aperfmperf eagerfpu pni pclmulqdq dtes64 monitor ds_cpl vmx est tm2 ssse3 cx16 xtpr pdcm pcid sse4_1 sse4_2 x2apic popcnt tsc_deadline_timer aes xsave avx f16c rdrand lahf_lm ida arat epb xsaveopt pln pts dtherm tpr_shadow vnmi flexpriority ept vpid fsgsbase smep erms
bogomips	: 4789.09
clflush size	: 64
cache_alignment	: 64
address sizes	: 36 bits physical, 48 bits virtual
power management:

processor	: 7
vendor_id	: GenuineIntel
cpu family	: 6
model		: 58
model name	: Intel(R) Core(TM) i7-3630QM CPU @ 2.40GHz
stepping	: 9
microcode	: 0x15
cpu MHz		: 1200.000
cache size	: 6144 KB
physical id	: 0
siblings	: 8
core id		: 3
cpu cores	: 4
apicid		: 7
initial apicid	: 7
fpu		: yes
fpu_exception	: yes
cpuid level	: 13
wp		: yes
flags		: fpu vme de pse tsc msr pae mce cx8 apic sep mtrr pge mca cmov pat pse36 clflush dts acpi mmx fxsr sse sse2 ss ht tm pbe syscall nx rdtscp lm constant_tsc arch_perfmon pebs bts rep_good nopl xtopology nonstop_tsc aperfmperf eagerfpu pni pclmulqdq dtes64 monitor ds_cpl vmx est tm2 ssse3 cx16 xtpr pdcm pcid sse4_1 sse4_2 x2apic popcnt tsc_deadline_timer aes xsave avx f16c rdrand lahf_lm ida arat epb xsaveopt pln pts dtherm tpr_shadow vnmi flexpriority ept vpid fsgsbase smep erms
bogomips	: 4789.09
clflush size	: 64
cache_alignment	: 64
address sizes	: 36 bits physical, 48 bits virtual
power management:



Memory: 4k page, physical 8013680k(210700k free), swap 9764860k(9764648k free)

vm_info: OpenJDK 64-Bit Server VM (24.45-b08) for linux-amd64 JRE (1.7.0_51-b00), built on Jan 15 2014 22:02:57 by "buildd" with gcc 4.8.1

time: Wed Feb 12 22:45:58 2014
elapsed time: 0 seconds

