#
# A fatal error has been detected by the Java Runtime Environment:
#
#  Internal Error (javaClasses.cpp:136), pid=8060, tid=140022771414784
#  fatal error: Invalid layout of preloaded class
#
# JRE version:  (7.0_51) (build )
# Java VM: OpenJDK 64-Bit Server VM (24.45-b08 mixed mode linux-amd64 compressed oops)
# Failed to write core dump. Core dumps have been disabled. To enable core dumping, try "ulimit -c unlimited" before starting Java again
#
# If you would like to submit a bug report, please include
# instructions on how to reproduce the bug and visit:
#   http://icedtea.classpath.org/bugzilla
#

---------------  T H R E A D  ---------------

Current thread (0x00007f599000a000):  JavaThread "Unknown thread" [_thread_in_vm, id=8065, stack(0x00007f59977cf000,0x00007f59978d0000)]

Stack: [0x00007f59977cf000,0x00007f59978d0000],  sp=0x00007f59978ce8a0,  free space=1022k
Native frames: (J=compiled Java code, j=interpreted, Vv=VM code, C=native code)
V  [libjvm.so+0x9163b5]  VMError::report_and_die()+0x175
V  [libjvm.so+0x4666d4]  report_fatal(char const*, int, char const*)+0x54
V  [libjvm.so+0x5bf5ba]  compute_offset(int&, klassOopDesc*, Symbol*, Symbol*, bool) [clone .constprop.121]+0x10a
V  [libjvm.so+0x5bfbc6]  java_lang_String::compute_offsets()+0x36
V  [libjvm.so+0x89d01c]  SystemDictionary::initialize_preloaded_classes(Thread*)+0xcc
V  [libjvm.so+0x8e7fa8]  Universe::genesis(Thread*)+0x468
V  [libjvm.so+0x8e85b4]  universe2_init()+0x24
V  [libjvm.so+0x57429a]  init_globals()+0x9a
V  [libjvm.so+0x8cb87f]  Threads::create_vm(JavaVMInitArgs*, bool*)+0x35f
V  [libjvm.so+0x5ddb14]  JNI_CreateJavaVM+0x54
C  [libjli.so+0x2b18]  __strcat_chk+0x2b18


---------------  P R O C E S S  ---------------

Java Threads: ( => current thread )

Other Threads:

=>0x00007f599000a000 (exited) JavaThread "Unknown thread" [_thread_in_vm, id=8065, stack(0x00007f59977cf000,0x00007f59978d0000)]

VM state:not at safepoint (not fully initialized)

VM Mutex/Monitor currently owned by a thread: None

GC Heap History (0 events):
No events

Deoptimization events (0 events):
No events

Internal exceptions (0 events):
No events

Events (10 events):
Event: 0.005 loading class 0x00007f598c06f6f0 done
Event: 0.005 loading class 0x00007f598c06f110 done
Event: 0.005 loading class 0x00007f598c06f0f0
Event: 0.005 loading class 0x00007f598c077130
Event: 0.005 loading class 0x00007f598c077130 done
Event: 0.005 loading class 0x00007f598c077160
Event: 0.005 loading class 0x00007f598c077160 done
Event: 0.005 loading class 0x00007f598c077190
Event: 0.005 loading class 0x00007f598c077190 done
Event: 0.005 loading class 0x00007f598c06f0f0 done


Dynamic libraries:
00400000-00401000 r-xp 00000000 08:14 4338125                            /usr/lib/jvm/java-7-openjdk-amd64/jre/bin/java
00600000-00601000 r--p 00000000 08:14 4338125                            /usr/lib/jvm/java-7-openjdk-amd64/jre/bin/java
00601000-00602000 rw-p 00001000 08:14 4338125                            /usr/lib/jvm/java-7-openjdk-amd64/jre/bin/java
01268000-01289000 rw-p 00000000 00:00 0                                  [heap]
77b400000-77c900000 rw-p 00000000 00:00 0 
77c900000-785a00000 rw-p 00000000 00:00 0 
785a00000-78ab80000 rw-p 00000000 00:00 0 
78ab80000-7d7300000 rw-p 00000000 00:00 0 
7d7300000-7d9c00000 rw-p 00000000 00:00 0 
7d9c00000-800000000 rw-p 00000000 00:00 0 
7f5967a1d000-7f5967c53000 rw-p 00000000 00:00 0 
7f5967c53000-7f5967d2a000 r--s 013fe000 08:14 1448622                    /home/suni/eclipseAndroid/adt-bundle-linux-x86_64-20131030/sdk/platforms/android-19/android.jar
7f5967d2a000-7f596c000000 rw-p 00000000 00:00 0 
7f596c000000-7f596c021000 rw-p 00000000 00:00 0 
7f596c021000-7f5970000000 ---p 00000000 00:00 0 
7f5970000000-7f5970021000 rw-p 00000000 00:00 0 
7f5970021000-7f5974000000 ---p 00000000 00:00 0 
7f5974000000-7f5974021000 rw-p 00000000 00:00 0 
7f5974021000-7f5978000000 ---p 00000000 00:00 0 
7f5978000000-7f5978021000 rw-p 00000000 00:00 0 
7f5978021000-7f597c000000 ---p 00000000 00:00 0 
7f597c000000-7f597c021000 rw-p 00000000 00:00 0 
7f597c021000-7f5980000000 ---p 00000000 00:00 0 
7f5980000000-7f5980021000 rw-p 00000000 00:00 0 
7f5980021000-7f5984000000 ---p 00000000 00:00 0 
7f5984000000-7f5984021000 rw-p 00000000 00:00 0 
7f5984021000-7f5988000000 ---p 00000000 00:00 0 
7f5988000000-7f5988021000 rw-p 00000000 00:00 0 
7f5988021000-7f598c000000 ---p 00000000 00:00 0 
7f598c048000-7f598c518000 rw-p 00000000 00:00 0 
7f598c518000-7f598c519000 ---p 00000000 00:00 0 
7f598c519000-7f598c619000 rw-p 00000000 00:00 0                          [stack:8073]
7f598c619000-7f598c61a000 ---p 00000000 00:00 0 
7f598c61a000-7f598c71a000 rw-p 00000000 00:00 0                          [stack:8072]
7f598c71a000-7f598c71b000 ---p 00000000 00:00 0 
7f598c71b000-7f598c81b000 rw-p 00000000 00:00 0                          [stack:8071]
7f598c81b000-7f598c81c000 ---p 00000000 00:00 0 
7f598c81c000-7f598c91c000 rw-p 00000000 00:00 0                          [stack:8070]
7f598c91c000-7f598c91d000 ---p 00000000 00:00 0 
7f598c91d000-7f598ca1d000 rw-p 00000000 00:00 0                          [stack:8069]
7f598ca1d000-7f598ca1e000 ---p 00000000 00:00 0 
7f598ca1e000-7f598cb1e000 rw-p 00000000 00:00 0                          [stack:8068]
7f598cb1e000-7f598cb1f000 ---p 00000000 00:00 0 
7f598cb1f000-7f598cc1f000 rw-p 00000000 00:00 0                          [stack:8067]
7f598cc1f000-7f598cc20000 ---p 00000000 00:00 0 
7f598cc20000-7f598cd2b000 rw-p 00000000 00:00 0                          [stack:8066]
7f598cd2b000-7f598cd73000 rw-p 00000000 00:00 0 
7f598cd73000-7f598cd9c000 rw-p 00000000 00:00 0 
7f598cd9c000-7f598d000000 rw-p 00000000 00:00 0 
7f598d000000-7f598d270000 rwxp 00000000 00:00 0 
7f598d270000-7f599005d000 rw-p 00000000 00:00 0 
7f599005d000-7f5994000000 ---p 00000000 00:00 0 
7f5994005000-7f599403a000 rw-p 00000000 00:00 0 
7f599403a000-7f5994082000 rw-p 00000000 00:00 0 
7f5994082000-7f59940ab000 rw-p 00000000 00:00 0 
7f59940ab000-7f599430e000 rw-p 00000000 00:00 0 
7f599430e000-7f5994323000 rw-p 00000000 00:00 0 
7f5994323000-7f5994455000 rw-p 00000000 00:00 0 
7f5994455000-7f5994456000 rw-p 00000000 00:00 0 
7f5994456000-7f599445e000 r-xp 00000000 08:14 4332496                    /usr/lib/jvm/java-7-openjdk-amd64/jre/lib/amd64/libzip.so
7f599445e000-7f599465d000 ---p 00008000 08:14 4332496                    /usr/lib/jvm/java-7-openjdk-amd64/jre/lib/amd64/libzip.so
7f599465d000-7f599465e000 r--p 00007000 08:14 4332496                    /usr/lib/jvm/java-7-openjdk-amd64/jre/lib/amd64/libzip.so
7f599465e000-7f599465f000 rw-p 00008000 08:14 4332496                    /usr/lib/jvm/java-7-openjdk-amd64/jre/lib/amd64/libzip.so
7f599465f000-7f599466b000 r-xp 00000000 08:14 5649456                    /lib/x86_64-linux-gnu/libnss_files-2.17.so
7f599466b000-7f599486a000 ---p 0000c000 08:14 5649456                    /lib/x86_64-linux-gnu/libnss_files-2.17.so
7f599486a000-7f599486b000 r--p 0000b000 08:14 5649456                    /lib/x86_64-linux-gnu/libnss_files-2.17.so
7f599486b000-7f599486c000 rw-p 0000c000 08:14 5649456                    /lib/x86_64-linux-gnu/libnss_files-2.17.so
7f599486c000-7f5994877000 r-xp 00000000 08:14 5649454                    /lib/x86_64-linux-gnu/libnss_nis-2.17.so
7f5994877000-7f5994a76000 ---p 0000b000 08:14 5649454                    /lib/x86_64-linux-gnu/libnss_nis-2.17.so
7f5994a76000-7f5994a77000 r--p 0000a000 08:14 5649454                    /lib/x86_64-linux-gnu/libnss_nis-2.17.so
7f5994a77000-7f5994a78000 rw-p 0000b000 08:14 5649454                    /lib/x86_64-linux-gnu/libnss_nis-2.17.so
7f5994a78000-7f5994a8f000 r-xp 00000000 08:14 5649442                    /lib/x86_64-linux-gnu/libnsl-2.17.so
7f5994a8f000-7f5994c8e000 ---p 00017000 08:14 5649442                    /lib/x86_64-linux-gnu/libnsl-2.17.so
7f5994c8e000-7f5994c8f000 r--p 00016000 08:14 5649442                    /lib/x86_64-linux-gnu/libnsl-2.17.so
7f5994c8f000-7f5994c90000 rw-p 00017000 08:14 5649442                    /lib/x86_64-linux-gnu/libnsl-2.17.so
7f5994c90000-7f5994c92000 rw-p 00000000 00:00 0 
7f5994c92000-7f5994c9a000 r-xp 00000000 08:14 5649445                    /lib/x86_64-linux-gnu/libnss_compat-2.17.so
7f5994c9a000-7f5994e99000 ---p 00008000 08:14 5649445                    /lib/x86_64-linux-gnu/libnss_compat-2.17.so
7f5994e99000-7f5994e9a000 r--p 00007000 08:14 5649445                    /lib/x86_64-linux-gnu/libnss_compat-2.17.so
7f5994e9a000-7f5994e9b000 rw-p 00008000 08:14 5649445                    /lib/x86_64-linux-gnu/libnss_compat-2.17.so
7f5994e9b000-7f5994ec6000 r-xp 00000000 08:14 4327912                    /usr/lib/jvm/java-7-openjdk-amd64/jre/lib/amd64/libjava.so
7f5994ec6000-7f59950c5000 ---p 0002b000 08:14 4327912                    /usr/lib/jvm/java-7-openjdk-amd64/jre/lib/amd64/libjava.so
7f59950c5000-7f59950c6000 r--p 0002a000 08:14 4327912                    /usr/lib/jvm/java-7-openjdk-amd64/jre/lib/amd64/libjava.so
7f59950c6000-7f59950c8000 rw-p 0002b000 08:14 4327912                    /usr/lib/jvm/java-7-openjdk-amd64/jre/lib/amd64/libjava.so
7f59950c8000-7f59950d8000 r-xp 00000000 08:14 4338064                    /usr/lib/jvm/java-7-openjdk-amd64/jre/lib/amd64/libverify.so
7f59950d8000-7f59952d7000 ---p 00010000 08:14 4338064                    /usr/lib/jvm/java-7-openjdk-amd64/jre/lib/amd64/libverify.so
7f59952d7000-7f59952d9000 r--p 0000f000 08:14 4338064                    /usr/lib/jvm/java-7-openjdk-amd64/jre/lib/amd64/libverify.so
7f59952d9000-7f59952da000 rw-p 00011000 08:14 4338064                    /usr/lib/jvm/java-7-openjdk-amd64/jre/lib/amd64/libverify.so
7f59952da000-7f59952e1000 r-xp 00000000 08:14 5649457                    /lib/x86_64-linux-gnu/librt-2.17.so
7f59952e1000-7f59954e0000 ---p 00007000 08:14 5649457                    /lib/x86_64-linux-gnu/librt-2.17.so
7f59954e0000-7f59954e1000 r--p 00006000 08:14 5649457                    /lib/x86_64-linux-gnu/librt-2.17.so
7f59954e1000-7f59954e2000 rw-p 00007000 08:14 5649457                    /lib/x86_64-linux-gnu/librt-2.17.so
7f59954e2000-7f59954f7000 r-xp 00000000 08:14 5639764                    /lib/x86_64-linux-gnu/libgcc_s.so.1
7f59954f7000-7f59956f6000 ---p 00015000 08:14 5639764                    /lib/x86_64-linux-gnu/libgcc_s.so.1
7f59956f6000-7f59956f7000 r--p 00014000 08:14 5639764                    /lib/x86_64-linux-gnu/libgcc_s.so.1
7f59956f7000-7f59956f8000 rw-p 00015000 08:14 5639764                    /lib/x86_64-linux-gnu/libgcc_s.so.1
7f59956f8000-7f59957fb000 r-xp 00000000 08:14 5649448                    /lib/x86_64-linux-gnu/libm-2.17.so
7f59957fb000-7f59959fa000 ---p 00103000 08:14 5649448                    /lib/x86_64-linux-gnu/libm-2.17.so
7f59959fa000-7f59959fb000 r--p 00102000 08:14 5649448                    /lib/x86_64-linux-gnu/libm-2.17.so
7f59959fb000-7f59959fc000 rw-p 00103000 08:14 5649448                    /lib/x86_64-linux-gnu/libm-2.17.so
7f59959fc000-7f5995ae2000 r-xp 00000000 08:14 4333505                    /usr/lib/x86_64-linux-gnu/libstdc++.so.6.0.18
7f5995ae2000-7f5995ce1000 ---p 000e6000 08:14 4333505                    /usr/lib/x86_64-linux-gnu/libstdc++.so.6.0.18
7f5995ce1000-7f5995ce9000 r--p 000e5000 08:14 4333505                    /usr/lib/x86_64-linux-gnu/libstdc++.so.6.0.18
7f5995ce9000-7f5995ceb000 rw-p 000ed000 08:14 4333505                    /usr/lib/x86_64-linux-gnu/libstdc++.so.6.0.18
7f5995ceb000-7f5995d00000 rw-p 00000000 00:00 0 
7f5995d00000-7f59967df000 r-xp 00000000 08:14 4338076                    /usr/lib/jvm/java-7-openjdk-amd64/jre/lib/amd64/server/libjvm.so
7f59967df000-7f59969de000 ---p 00adf000 08:14 4338076                    /usr/lib/jvm/java-7-openjdk-amd64/jre/lib/amd64/server/libjvm.so
7f59969de000-7f5996a70000 r--p 00ade000 08:14 4338076                    /usr/lib/jvm/java-7-openjdk-amd64/jre/lib/amd64/server/libjvm.so
7f5996a70000-7f5996a93000 rw-p 00b70000 08:14 4338076                    /usr/lib/jvm/java-7-openjdk-amd64/jre/lib/amd64/server/libjvm.so
7f5996a93000-7f5996ac0000 rw-p 00000000 00:00 0 
7f5996ac0000-7f5996ad8000 r-xp 00000000 08:14 5636631                    /lib/x86_64-linux-gnu/libz.so.1.2.8
7f5996ad8000-7f5996cd7000 ---p 00018000 08:14 5636631                    /lib/x86_64-linux-gnu/libz.so.1.2.8
7f5996cd7000-7f5996cd8000 r--p 00017000 08:14 5636631                    /lib/x86_64-linux-gnu/libz.so.1.2.8
7f5996cd8000-7f5996cd9000 rw-p 00018000 08:14 5636631                    /lib/x86_64-linux-gnu/libz.so.1.2.8
7f5996cd9000-7f5996cf0000 r-xp 00000000 08:14 5649464                    /lib/x86_64-linux-gnu/libpthread-2.17.so
7f5996cf0000-7f5996ef0000 ---p 00017000 08:14 5649464                    /lib/x86_64-linux-gnu/libpthread-2.17.so
7f5996ef0000-7f5996ef1000 r--p 00017000 08:14 5649464                    /lib/x86_64-linux-gnu/libpthread-2.17.so
7f5996ef1000-7f5996ef2000 rw-p 00018000 08:14 5649464                    /lib/x86_64-linux-gnu/libpthread-2.17.so
7f5996ef2000-7f5996ef6000 rw-p 00000000 00:00 0 
7f5996ef6000-7f5996ef9000 r-xp 00000000 08:14 5649463                    /lib/x86_64-linux-gnu/libdl-2.17.so
7f5996ef9000-7f59970f8000 ---p 00003000 08:14 5649463                    /lib/x86_64-linux-gnu/libdl-2.17.so
7f59970f8000-7f59970f9000 r--p 00002000 08:14 5649463                    /lib/x86_64-linux-gnu/libdl-2.17.so
7f59970f9000-7f59970fa000 rw-p 00003000 08:14 5649463                    /lib/x86_64-linux-gnu/libdl-2.17.so
7f59970fa000-7f59972b7000 r-xp 00000000 08:14 5649462                    /lib/x86_64-linux-gnu/libc-2.17.so
7f59972b7000-7f59974b7000 ---p 001bd000 08:14 5649462                    /lib/x86_64-linux-gnu/libc-2.17.so
7f59974b7000-7f59974bb000 r--p 001bd000 08:14 5649462                    /lib/x86_64-linux-gnu/libc-2.17.so
7f59974bb000-7f59974bd000 rw-p 001c1000 08:14 5649462                    /lib/x86_64-linux-gnu/libc-2.17.so
7f59974bd000-7f59974c2000 rw-p 00000000 00:00 0 
7f59974c2000-7f59974cf000 r-xp 00000000 08:14 4338081                    /usr/lib/jvm/java-7-openjdk-amd64/jre/lib/amd64/jli/libjli.so
7f59974cf000-7f59976ce000 ---p 0000d000 08:14 4338081                    /usr/lib/jvm/java-7-openjdk-amd64/jre/lib/amd64/jli/libjli.so
7f59976ce000-7f59976cf000 r--p 0000c000 08:14 4338081                    /usr/lib/jvm/java-7-openjdk-amd64/jre/lib/amd64/jli/libjli.so
7f59976cf000-7f59976d0000 rw-p 0000d000 08:14 4338081                    /usr/lib/jvm/java-7-openjdk-amd64/jre/lib/amd64/jli/libjli.so
7f59976d0000-7f59976f3000 r-xp 00000000 08:14 5649451                    /lib/x86_64-linux-gnu/ld-2.17.so
7f599770f000-7f5997719000 rw-p 00000000 00:00 0 
7f5997719000-7f59977cf000 rw-p 00000000 00:00 0 
7f59977cf000-7f59977d2000 ---p 00000000 00:00 0 
7f59977d2000-7f59978d5000 rw-p 00000000 00:00 0                          [stack:8065]
7f59978e4000-7f59978e6000 rw-p 00000000 00:00 0 
7f59978e6000-7f59978ee000 rw-s 00000000 08:14 1839802                    /tmp/hsperfdata_suni/8060
7f59978ee000-7f59978ef000 rw-p 00000000 00:00 0 
7f59978ef000-7f59978f0000 r--p 00000000 00:00 0 
7f59978f0000-7f59978f2000 rw-p 00000000 00:00 0 
7f59978f2000-7f59978f3000 r--p 00022000 08:14 5649451                    /lib/x86_64-linux-gnu/ld-2.17.so
7f59978f3000-7f59978f5000 rw-p 00023000 08:14 5649451                    /lib/x86_64-linux-gnu/ld-2.17.so
7fffe2f64000-7fffe2f85000 rw-p 00000000 00:00 0                          [stack]
7fffe2ffe000-7fffe3000000 r-xp 00000000 00:00 0                          [vdso]
ffffffffff600000-ffffffffff601000 r-xp 00000000 00:00 0                  [vsyscall]

VM Arguments:
jvm_args: -Dfile.encoding=UTF-8 -Xbootclasspath:/home/suni/eclipseAndroid/adt-bundle-linux-x86_64-20131030/sdk/platforms/android-19/android.jar 
java_command: com.suni.diabetesdiary.Dog
Launcher Type: SUN_STANDARD

Environment Variables:
PATH=/usr/lib/lightdm/lightdm:/usr/local/sbin:/usr/local/bin:/usr/sbin:/usr/bin:/sbin:/bin:/usr/games:/usr/local/games
SHELL=/bin/bash
DISPLAY=:0.0

Signal Handlers:
SIGSEGV: [libjvm.so+0x916ea0], sa_mask[0]=0x7ffbfeff, sa_flags=0x10000004
SIGBUS: [libjvm.so+0x916ea0], sa_mask[0]=0x7ffbfeff, sa_flags=0x10000004
SIGFPE: [libjvm.so+0x794800], sa_mask[0]=0x7ffbfeff, sa_flags=0x10000004
SIGPIPE: [libjvm.so+0x794800], sa_mask[0]=0x7ffbfeff, sa_flags=0x10000004
SIGXFSZ: [libjvm.so+0x794800], sa_mask[0]=0x7ffbfeff, sa_flags=0x10000004
SIGILL: [libjvm.so+0x794800], sa_mask[0]=0x7ffbfeff, sa_flags=0x10000004
SIGUSR1: SIG_DFL, sa_mask[0]=0x00000000, sa_flags=0x00000000
SIGUSR2: [libjvm.so+0x7946a0], sa_mask[0]=0x00000004, sa_flags=0x10000004
SIGHUP: SIG_DFL, sa_mask[0]=0x00000000, sa_flags=0x00000000
SIGINT: SIG_DFL, sa_mask[0]=0x00000000, sa_flags=0x00000000
SIGTERM: SIG_DFL, sa_mask[0]=0x00000000, sa_flags=0x00000000
SIGQUIT: SIG_DFL, sa_mask[0]=0x00000000, sa_flags=0x00000000


---------------  S Y S T E M  ---------------

OS:Ubuntu 13.10 (saucy)
uname:Linux 3.11.0-15-generic #25-Ubuntu SMP Thu Jan 30 17:22:01 UTC 2014 x86_64
libc:glibc 2.17 NPTL 2.17 
rlimit: STACK 8192k, CORE 0k, NPROC 62448, NOFILE 4096, AS infinity
load average:0.58 0.43 0.51

/proc/meminfo:
MemTotal:        8013680 kB
MemFree:          195560 kB
Buffers:           78812 kB
Cached:          1801336 kB
SwapCached:            0 kB
Active:          5936292 kB
Inactive:        1548016 kB
Active(anon):    5408960 kB
Inactive(anon):   958368 kB
Active(file):     527332 kB
Inactive(file):   589648 kB
Unevictable:          16 kB
Mlocked:              16 kB
SwapTotal:       9764860 kB
SwapFree:        9764648 kB
Dirty:                88 kB
Writeback:             0 kB
AnonPages:       5604280 kB
Mapped:           415524 kB
Shmem:            763128 kB
Slab:             169444 kB
SReclaimable:     124068 kB
SUnreclaim:        45376 kB
KernelStack:        7256 kB
PageTables:        61124 kB
NFS_Unstable:          0 kB
Bounce:                0 kB
WritebackTmp:          0 kB
CommitLimit:    13771700 kB
Committed_AS:   11133236 kB
VmallocTotal:   34359738367 kB
VmallocUsed:      608424 kB
VmallocChunk:   34359086204 kB
HardwareCorrupted:     0 kB
AnonHugePages:         0 kB
HugePages_Total:       0
HugePages_Free:        0
HugePages_Rsvd:        0
HugePages_Surp:        0
Hugepagesize:       2048 kB
DirectMap4k:      119548 kB
DirectMap2M:     8103936 kB


CPU:total 8 (4 cores per cpu, 2 threads per core) family 6 model 58 stepping 9, cmov, cx8, fxsr, mmx, sse, sse2, sse3, ssse3, sse4.1, sse4.2, popcnt, avx, aes, erms, ht, tsc, tscinvbit, tscinv

/proc/cpuinfo:
processor	: 0
vendor_id	: GenuineIntel
cpu family	: 6
model		: 58
model name	: Intel(R) Core(TM) i7-3630QM CPU @ 2.40GHz
stepping	: 9
microcode	: 0x15
cpu MHz		: 2401.000
cache size	: 6144 KB
physical id	: 0
siblings	: 8
core id		: 0
cpu cores	: 4
apicid		: 0
initial apicid	: 0
fpu		: yes
fpu_exception	: yes
cpuid level	: 13
wp		: yes
flags		: fpu vme de pse tsc msr pae mce cx8 apic sep mtrr pge mca cmov pat pse36 clflush dts acpi mmx fxsr sse sse2 ss ht tm pbe syscall nx rdtscp lm constant_tsc arch_perfmon pebs bts rep_good nopl xtopology nonstop_tsc aperfmperf eagerfpu pni pclmulqdq dtes64 monitor ds_cpl vmx est tm2 ssse3 cx16 xtpr pdcm pcid sse4_1 sse4_2 x2apic popcnt tsc_deadline_timer aes xsave avx f16c rdrand lahf_lm ida arat epb xsaveopt pln pts dtherm tpr_shadow vnmi flexpriority ept vpid fsgsbase smep erms
bogomips	: 4789.09
clflush size	: 64
cache_alignment	: 64
address sizes	: 36 bits physical, 48 bits virtual
power management:

processor	: 1
vendor_id	: GenuineIntel
cpu family	: 6
model		: 58
model name	: Intel(R) Core(TM) i7-3630QM CPU @ 2.40GHz
stepping	: 9
microcode	: 0x15
cpu MHz		: 2401.000
cache size	: 6144 KB
physical id	: 0
siblings	: 8
core id		: 0
cpu cores	: 4
apicid		: 1
initial apicid	: 1
fpu		: yes
fpu_exception	: yes
cpuid level	: 13
wp		: yes
flags		: fpu vme de pse tsc msr pae mce cx8 apic sep mtrr pge mca cmov pat pse36 clflush dts acpi mmx fxsr sse sse2 ss ht tm pbe syscall nx rdtscp lm constant_tsc arch_perfmon pebs bts rep_good nopl xtopology nonstop_tsc aperfmperf eagerfpu pni pclmulqdq dtes64 monitor ds_cpl vmx est tm2 ssse3 cx16 xtpr pdcm pcid sse4_1 sse4_2 x2apic popcnt tsc_deadline_timer aes xsave avx f16c rdrand lahf_lm ida arat epb xsaveopt pln pts dtherm tpr_shadow vnmi flexpriority ept vpid fsgsbase smep erms
bogomips	: 4789.09
clflush size	: 64
cache_alignment	: 64
address sizes	: 36 bits physical, 48 bits virtual
power management:

processor	: 2
vendor_id	: GenuineIntel
cpu family	: 6
model		: 58
model name	: Intel(R) Core(TM) i7-3630QM CPU @ 2.40GHz
stepping	: 9
microcode	: 0x15
cpu MHz		: 1200.000
cache size	: 6144 KB
physical id	: 0
siblings	: 8
core id		: 1
cpu cores	: 4
apicid		: 2
initial apicid	: 2
fpu		: yes
fpu_exception	: yes
cpuid level	: 13
wp		: yes
flags		: fpu vme de pse tsc msr pae mce cx8 apic sep mtrr pge mca cmov pat pse36 clflush dts acpi mmx fxsr sse sse2 ss ht tm pbe syscall nx rdtscp lm constant_tsc arch_perfmon pebs bts rep_good nopl xtopology nonstop_tsc aperfmperf eagerfpu pni pclmulqdq dtes64 monitor ds_cpl vmx est tm2 ssse3 cx16 xtpr pdcm pcid sse4_1 sse4_2 x2apic popcnt tsc_deadline_timer aes xsave avx f16c rdrand lahf_lm ida arat epb xsaveopt pln pts dtherm tpr_shadow vnmi flexpriority ept vpid fsgsbase smep erms
bogomips	: 4789.09
clflush size	: 64
cache_alignment	: 64
address sizes	: 36 bits physical, 48 bits virtual
power management:

processor	: 3
vendor_id	: GenuineIntel
cpu family	: 6
model		: 58
model name	: Intel(R) Core(TM) i7-3630QM CPU @ 2.40GHz
stepping	: 9
microcode	: 0x15
cpu MHz		: 2401.000
cache size	: 6144 KB
physical id	: 0
siblings	: 8
core id		: 1
cpu cores	: 4
apicid		: 3
initial apicid	: 3
fpu		: yes
fpu_exception	: yes
cpuid level	: 13
wp		: yes
flags		: fpu vme de pse tsc msr pae mce cx8 apic sep mtrr pge mca cmov pat pse36 clflush dts acpi mmx fxsr sse sse2 ss ht tm pbe syscall nx rdtscp lm constant_tsc arch_perfmon pebs bts rep_good nopl xtopology nonstop_tsc aperfmperf eagerfpu pni pclmulqdq dtes64 monitor ds_cpl vmx est tm2 ssse3 cx16 xtpr pdcm pcid sse4_1 sse4_2 x2apic popcnt tsc_deadline_timer aes xsave avx f16c rdrand lahf_lm ida arat epb xsaveopt pln pts dtherm tpr_shadow vnmi flexpriority ept vpid fsgsbase smep erms
bogomips	: 4789.09
clflush size	: 64
cache_alignment	: 64
address sizes	: 36 bits physical, 48 bits virtual
power management:

processor	: 4
vendor_id	: GenuineIntel
cpu family	: 6
model		: 58
model name	: Intel(R) Core(TM) i7-3630QM CPU @ 2.40GHz
stepping	: 9
microcode	: 0x15
cpu MHz		: 2401.000
cache size	: 6144 KB
physical id	: 0
siblings	: 8
core id		: 2
cpu cores	: 4
apicid		: 4
initial apicid	: 4
fpu		: yes
fpu_exception	: yes
cpuid level	: 13
wp		: yes
flags		: fpu vme de pse tsc msr pae mce cx8 apic sep mtrr pge mca cmov pat pse36 clflush dts acpi mmx fxsr sse sse2 ss ht tm pbe syscall nx rdtscp lm constant_tsc arch_perfmon pebs bts rep_good nopl xtopology nonstop_tsc aperfmperf eagerfpu pni pclmulqdq dtes64 monitor ds_cpl vmx est tm2 ssse3 cx16 xtpr pdcm pcid sse4_1 sse4_2 x2apic popcnt tsc_deadline_timer aes xsave avx f16c rdrand lahf_lm ida arat epb xsaveopt pln pts dtherm tpr_shadow vnmi flexpriority ept vpid fsgsbase smep erms
bogomips	: 4789.09
clflush size	: 64
cache_alignment	: 64
address sizes	: 36 bits physical, 48 bits virtual
power management:

processor	: 5
vendor_id	: GenuineIntel
cpu family	: 6
model		: 58
model name	: Intel(R) Core(TM) i7-3630QM CPU @ 2.40GHz
stepping	: 9
microcode	: 0x15
cpu MHz		: 2401.000
cache size	: 6144 KB
physical id	: 0
siblings	: 8
core id		: 2
cpu cores	: 4
apicid		: 5
initial apicid	: 5
fpu		: yes
fpu_exception	: yes
cpuid level	: 13
wp		: yes
flags		: fpu vme de pse tsc msr pae mce cx8 apic sep mtrr pge mca cmov pat pse36 clflush dts acpi mmx fxsr sse sse2 ss ht tm pbe syscall nx rdtscp lm constant_tsc arch_perfmon pebs bts rep_good nopl xtopology nonstop_tsc aperfmperf eagerfpu pni pclmulqdq dtes64 monitor ds_cpl vmx est tm2 ssse3 cx16 xtpr pdcm pcid sse4_1 sse4_2 x2apic popcnt tsc_deadline_timer aes xsave avx f16c rdrand lahf_lm ida arat epb xsaveopt pln pts dtherm tpr_shadow vnmi flexpriority ept vpid fsgsbase smep erms
bogomips	: 4789.09
clflush size	: 64
cache_alignment	: 64
address sizes	: 36 bits physical, 48 bits virtual
power management:

processor	: 6
vendor_id	: GenuineIntel
cpu family	: 6
model		: 58
model name	: Intel(R) Core(TM) i7-3630QM CPU @ 2.40GHz
stepping	: 9
microcode	: 0x15
cpu MHz		: 1200.000
cache size	: 6144 KB
physical id	: 0
siblings	: 8
core id		: 3
cpu cores	: 4
apicid		: 6
initial apicid	: 6
fpu		: yes
fpu_exception	: yes
cpuid level	: 13
wp		: yes
flags		: fpu vme de pse tsc msr pae mce cx8 apic sep mtrr pge mca cmov pat pse36 clflush dts acpi mmx fxsr sse sse2 ss ht tm pbe syscall nx rdtscp lm constant_tsc arch_perfmon pebs bts rep_good nopl xtopology nonstop_tsc aperfmperf eagerfpu pni pclmulqdq dtes64 monitor ds_cpl vmx est tm2 ssse3 cx16 xtpr pdcm pcid sse4_1 sse4_2 x2apic popcnt tsc_deadline_timer aes xsave avx f16c rdrand lahf_lm ida arat epb xsaveopt pln pts dtherm tpr_shadow vnmi flexpriority ept vpid fsgsbase smep erms
bogomips	: 4789.09
clflush size	: 64
cache_alignment	: 64
address sizes	: 36 bits physical, 48 bits virtual
power management:

processor	: 7
vendor_id	: GenuineIntel
cpu family	: 6
model		: 58
model name	: Intel(R) Core(TM) i7-3630QM CPU @ 2.40GHz
stepping	: 9
microcode	: 0x15
cpu MHz		: 1200.000
cache size	: 6144 KB
physical id	: 0
siblings	: 8
core id		: 3
cpu cores	: 4
apicid		: 7
initial apicid	: 7
fpu		: yes
fpu_exception	: yes
cpuid level	: 13
wp		: yes
flags		: fpu vme de pse tsc msr pae mce cx8 apic sep mtrr pge mca cmov pat pse36 clflush dts acpi mmx fxsr sse sse2 ss ht tm pbe syscall nx rdtscp lm constant_tsc arch_perfmon pebs bts rep_good nopl xtopology nonstop_tsc aperfmperf eagerfpu pni pclmulqdq dtes64 monitor ds_cpl vmx est tm2 ssse3 cx16 xtpr pdcm pcid sse4_1 sse4_2 x2apic popcnt tsc_deadline_timer aes xsave avx f16c rdrand lahf_lm ida arat epb xsaveopt pln pts dtherm tpr_shadow vnmi flexpriority ept vpid fsgsbase smep erms
bogomips	: 4789.09
clflush size	: 64
cache_alignment	: 64
address sizes	: 36 bits physical, 48 bits virtual
power management:



Memory: 4k page, physical 8013680k(195560k free), swap 9764860k(9764648k free)

vm_info: OpenJDK 64-Bit Server VM (24.45-b08) for linux-amd64 JRE (1.7.0_51-b00), built on Jan 15 2014 22:02:57 by "buildd" with gcc 4.8.1

time: Wed Feb 12 22:45:31 2014
elapsed time: 0 seconds

